
*** Running vivado
    with args -log vga_fb_driver_80x60.vds -m64 -product Vivado -mode batch -messageDb vivado.pb -notrace -source vga_fb_driver_80x60.tcl


****** Vivado v2018.2 (64-bit)
  **** SW Build 2258646 on Thu Jun 14 20:03:12 MDT 2018
  **** IP Build 2256618 on Thu Jun 14 22:10:49 MDT 2018
    ** Copyright 1986-2018 Xilinx, Inc. All Rights Reserved.

source vga_fb_driver_80x60.tcl -notrace
Command: synth_design -top vga_fb_driver_80x60 -part xc7a35tcpg236-1
Starting synth_design
Attempting to get a license for feature 'Synthesis' and/or device 'xc7a35t'
INFO: [Common 17-349] Got license for feature 'Synthesis' and/or device 'xc7a35t'
INFO: Launching helper process for spawning children vivado processes
INFO: Helper process launched with PID 8880 
---------------------------------------------------------------------------------
Starting RTL Elaboration : Time (s): cpu = 00:00:03 ; elapsed = 00:00:02 . Memory (MB): peak = 355.820 ; gain = 99.582
---------------------------------------------------------------------------------
INFO: [Synth 8-6157] synthesizing module 'vga_fb_driver_80x60' [C:/Users/willi/OneDrive/Documents/GitHub/CPE133MazeGame/AMAZEingGame.srcs/sources_1/new/vga_fb__driver_80x60.sv:22]
INFO: [Synth 8-6157] synthesizing module 'vga_driver_80x60' [C:/Users/willi/OneDrive/Documents/GitHub/CPE133MazeGame/AMAZEingGame.srcs/sources_1/new/vga_driver_80x60.sv:44]
INFO: [Synth 8-6155] done synthesizing module 'vga_driver_80x60' (1#1) [C:/Users/willi/OneDrive/Documents/GitHub/CPE133MazeGame/AMAZEingGame.srcs/sources_1/new/vga_driver_80x60.sv:44]
INFO: [Synth 8-6157] synthesizing module 'ram8k_8_80x60' [C:/Users/willi/OneDrive/Documents/GitHub/CPE133MazeGame/AMAZEingGame.srcs/sources_1/new/ram8k_8_80x60.sv:25]
INFO: [Synth 8-6155] done synthesizing module 'ram8k_8_80x60' (2#1) [C:/Users/willi/OneDrive/Documents/GitHub/CPE133MazeGame/AMAZEingGame.srcs/sources_1/new/ram8k_8_80x60.sv:25]
INFO: [Synth 8-6155] done synthesizing module 'vga_fb_driver_80x60' (3#1) [C:/Users/willi/OneDrive/Documents/GitHub/CPE133MazeGame/AMAZEingGame.srcs/sources_1/new/vga_fb__driver_80x60.sv:22]
---------------------------------------------------------------------------------
Finished RTL Elaboration : Time (s): cpu = 00:00:04 ; elapsed = 00:00:04 . Memory (MB): peak = 410.375 ; gain = 154.137
---------------------------------------------------------------------------------

Report Check Netlist: 
+------+------------------+-------+---------+-------+------------------+
|      |Item              |Errors |Warnings |Status |Description       |
+------+------------------+-------+---------+-------+------------------+
|1     |multi_driven_nets |      0|        0|Passed |Multi driven nets |
+------+------------------+-------+---------+-------+------------------+
---------------------------------------------------------------------------------
Start Handling Custom Attributes
---------------------------------------------------------------------------------
---------------------------------------------------------------------------------
Finished Handling Custom Attributes : Time (s): cpu = 00:00:04 ; elapsed = 00:00:04 . Memory (MB): peak = 410.375 ; gain = 154.137
---------------------------------------------------------------------------------
---------------------------------------------------------------------------------
Finished RTL Optimization Phase 1 : Time (s): cpu = 00:00:04 ; elapsed = 00:00:04 . Memory (MB): peak = 410.375 ; gain = 154.137
---------------------------------------------------------------------------------
INFO: [Device 21-403] Loading part xc7a35tcpg236-1
INFO: [Project 1-570] Preparing netlist for logic optimization

Processing XDC Constraints
Initializing timing engine
Parsing XDC File [C:/Users/willi/OneDrive/Documents/GitHub/CPE133MazeGame/AMAZEingGame.srcs/constrs_1/new/basys_3.xdc]
WARNING: [Vivado 12-584] No ports matched 'CLK'. [C:/Users/willi/OneDrive/Documents/GitHub/CPE133MazeGame/AMAZEingGame.srcs/constrs_1/new/basys_3.xdc:7]
CRITICAL WARNING: [Common 17-55] 'set_property' expects at least one object. [C:/Users/willi/OneDrive/Documents/GitHub/CPE133MazeGame/AMAZEingGame.srcs/constrs_1/new/basys_3.xdc:7]
Resolution: If [get_<value>] was used to populate the object, check to make sure this command returns at least one valid object.
WARNING: [Vivado 12-584] No ports matched 'CLK'. [C:/Users/willi/OneDrive/Documents/GitHub/CPE133MazeGame/AMAZEingGame.srcs/constrs_1/new/basys_3.xdc:8]
CRITICAL WARNING: [Common 17-55] 'set_property' expects at least one object. [C:/Users/willi/OneDrive/Documents/GitHub/CPE133MazeGame/AMAZEingGame.srcs/constrs_1/new/basys_3.xdc:8]
Resolution: If [get_<value>] was used to populate the object, check to make sure this command returns at least one valid object.
WARNING: [Vivado 12-584] No ports matched 'CLK'. [C:/Users/willi/OneDrive/Documents/GitHub/CPE133MazeGame/AMAZEingGame.srcs/constrs_1/new/basys_3.xdc:9]
CRITICAL WARNING: [Vivado 12-4739] create_clock:No valid object(s) found for '-objects [get_ports CLK]'. [C:/Users/willi/OneDrive/Documents/GitHub/CPE133MazeGame/AMAZEingGame.srcs/constrs_1/new/basys_3.xdc:9]
Resolution: Check if the specified object(s) exists in the current design. If it does, ensure that the correct design hierarchy was specified for the object. If you are working with clocks, make sure create_clock was used to create the clock object before it is referenced.
WARNING: [Vivado 12-584] No ports matched 'SWITCHES[0]'. [C:/Users/willi/OneDrive/Documents/GitHub/CPE133MazeGame/AMAZEingGame.srcs/constrs_1/new/basys_3.xdc:12]
CRITICAL WARNING: [Common 17-55] 'set_property' expects at least one object. [C:/Users/willi/OneDrive/Documents/GitHub/CPE133MazeGame/AMAZEingGame.srcs/constrs_1/new/basys_3.xdc:12]
Resolution: If [get_<value>] was used to populate the object, check to make sure this command returns at least one valid object.
WARNING: [Vivado 12-584] No ports matched 'SWITCHES[0]'. [C:/Users/willi/OneDrive/Documents/GitHub/CPE133MazeGame/AMAZEingGame.srcs/constrs_1/new/basys_3.xdc:13]
CRITICAL WARNING: [Common 17-55] 'set_property' expects at least one object. [C:/Users/willi/OneDrive/Documents/GitHub/CPE133MazeGame/AMAZEingGame.srcs/constrs_1/new/basys_3.xdc:13]
Resolution: If [get_<value>] was used to populate the object, check to make sure this command returns at least one valid object.
WARNING: [Vivado 12-584] No ports matched 'SWITCHES[1]'. [C:/Users/willi/OneDrive/Documents/GitHub/CPE133MazeGame/AMAZEingGame.srcs/constrs_1/new/basys_3.xdc:14]
CRITICAL WARNING: [Common 17-55] 'set_property' expects at least one object. [C:/Users/willi/OneDrive/Documents/GitHub/CPE133MazeGame/AMAZEingGame.srcs/constrs_1/new/basys_3.xdc:14]
Resolution: If [get_<value>] was used to populate the object, check to make sure this command returns at least one valid object.
WARNING: [Vivado 12-584] No ports matched 'SWITCHES[1]'. [C:/Users/willi/OneDrive/Documents/GitHub/CPE133MazeGame/AMAZEingGame.srcs/constrs_1/new/basys_3.xdc:15]
CRITICAL WARNING: [Common 17-55] 'set_property' expects at least one object. [C:/Users/willi/OneDrive/Documents/GitHub/CPE133MazeGame/AMAZEingGame.srcs/constrs_1/new/basys_3.xdc:15]
Resolution: If [get_<value>] was used to populate the object, check to make sure this command returns at least one valid object.
WARNING: [Vivado 12-584] No ports matched 'SWITCHES[2]'. [C:/Users/willi/OneDrive/Documents/GitHub/CPE133MazeGame/AMAZEingGame.srcs/constrs_1/new/basys_3.xdc:16]
CRITICAL WARNING: [Common 17-55] 'set_property' expects at least one object. [C:/Users/willi/OneDrive/Documents/GitHub/CPE133MazeGame/AMAZEingGame.srcs/constrs_1/new/basys_3.xdc:16]
Resolution: If [get_<value>] was used to populate the object, check to make sure this command returns at least one valid object.
WARNING: [Vivado 12-584] No ports matched 'SWITCHES[2]'. [C:/Users/willi/OneDrive/Documents/GitHub/CPE133MazeGame/AMAZEingGame.srcs/constrs_1/new/basys_3.xdc:17]
CRITICAL WARNING: [Common 17-55] 'set_property' expects at least one object. [C:/Users/willi/OneDrive/Documents/GitHub/CPE133MazeGame/AMAZEingGame.srcs/constrs_1/new/basys_3.xdc:17]
Resolution: If [get_<value>] was used to populate the object, check to make sure this command returns at least one valid object.
WARNING: [Vivado 12-584] No ports matched 'SWITCHES[3]'. [C:/Users/willi/OneDrive/Documents/GitHub/CPE133MazeGame/AMAZEingGame.srcs/constrs_1/new/basys_3.xdc:18]
CRITICAL WARNING: [Common 17-55] 'set_property' expects at least one object. [C:/Users/willi/OneDrive/Documents/GitHub/CPE133MazeGame/AMAZEingGame.srcs/constrs_1/new/basys_3.xdc:18]
Resolution: If [get_<value>] was used to populate the object, check to make sure this command returns at least one valid object.
WARNING: [Vivado 12-584] No ports matched 'SWITCHES[3]'. [C:/Users/willi/OneDrive/Documents/GitHub/CPE133MazeGame/AMAZEingGame.srcs/constrs_1/new/basys_3.xdc:19]
CRITICAL WARNING: [Common 17-55] 'set_property' expects at least one object. [C:/Users/willi/OneDrive/Documents/GitHub/CPE133MazeGame/AMAZEingGame.srcs/constrs_1/new/basys_3.xdc:19]
Resolution: If [get_<value>] was used to populate the object, check to make sure this command returns at least one valid object.
WARNING: [Vivado 12-584] No ports matched 'SWITCHES[4]'. [C:/Users/willi/OneDrive/Documents/GitHub/CPE133MazeGame/AMAZEingGame.srcs/constrs_1/new/basys_3.xdc:20]
CRITICAL WARNING: [Common 17-55] 'set_property' expects at least one object. [C:/Users/willi/OneDrive/Documents/GitHub/CPE133MazeGame/AMAZEingGame.srcs/constrs_1/new/basys_3.xdc:20]
Resolution: If [get_<value>] was used to populate the object, check to make sure this command returns at least one valid object.
WARNING: [Vivado 12-584] No ports matched 'SWITCHES[4]'. [C:/Users/willi/OneDrive/Documents/GitHub/CPE133MazeGame/AMAZEingGame.srcs/constrs_1/new/basys_3.xdc:21]
CRITICAL WARNING: [Common 17-55] 'set_property' expects at least one object. [C:/Users/willi/OneDrive/Documents/GitHub/CPE133MazeGame/AMAZEingGame.srcs/constrs_1/new/basys_3.xdc:21]
Resolution: If [get_<value>] was used to populate the object, check to make sure this command returns at least one valid object.
WARNING: [Vivado 12-584] No ports matched 'SWITCHES[5]'. [C:/Users/willi/OneDrive/Documents/GitHub/CPE133MazeGame/AMAZEingGame.srcs/constrs_1/new/basys_3.xdc:22]
CRITICAL WARNING: [Common 17-55] 'set_property' expects at least one object. [C:/Users/willi/OneDrive/Documents/GitHub/CPE133MazeGame/AMAZEingGame.srcs/constrs_1/new/basys_3.xdc:22]
Resolution: If [get_<value>] was used to populate the object, check to make sure this command returns at least one valid object.
WARNING: [Vivado 12-584] No ports matched 'SWITCHES[5]'. [C:/Users/willi/OneDrive/Documents/GitHub/CPE133MazeGame/AMAZEingGame.srcs/constrs_1/new/basys_3.xdc:23]
CRITICAL WARNING: [Common 17-55] 'set_property' expects at least one object. [C:/Users/willi/OneDrive/Documents/GitHub/CPE133MazeGame/AMAZEingGame.srcs/constrs_1/new/basys_3.xdc:23]
Resolution: If [get_<value>] was used to populate the object, check to make sure this command returns at least one valid object.
WARNING: [Vivado 12-584] No ports matched 'SWITCHES[6]'. [C:/Users/willi/OneDrive/Documents/GitHub/CPE133MazeGame/AMAZEingGame.srcs/constrs_1/new/basys_3.xdc:24]
CRITICAL WARNING: [Common 17-55] 'set_property' expects at least one object. [C:/Users/willi/OneDrive/Documents/GitHub/CPE133MazeGame/AMAZEingGame.srcs/constrs_1/new/basys_3.xdc:24]
Resolution: If [get_<value>] was used to populate the object, check to make sure this command returns at least one valid object.
WARNING: [Vivado 12-584] No ports matched 'SWITCHES[6]'. [C:/Users/willi/OneDrive/Documents/GitHub/CPE133MazeGame/AMAZEingGame.srcs/constrs_1/new/basys_3.xdc:25]
CRITICAL WARNING: [Common 17-55] 'set_property' expects at least one object. [C:/Users/willi/OneDrive/Documents/GitHub/CPE133MazeGame/AMAZEingGame.srcs/constrs_1/new/basys_3.xdc:25]
Resolution: If [get_<value>] was used to populate the object, check to make sure this command returns at least one valid object.
WARNING: [Vivado 12-584] No ports matched 'SWITCHES[7]'. [C:/Users/willi/OneDrive/Documents/GitHub/CPE133MazeGame/AMAZEingGame.srcs/constrs_1/new/basys_3.xdc:26]
CRITICAL WARNING: [Common 17-55] 'set_property' expects at least one object. [C:/Users/willi/OneDrive/Documents/GitHub/CPE133MazeGame/AMAZEingGame.srcs/constrs_1/new/basys_3.xdc:26]
Resolution: If [get_<value>] was used to populate the object, check to make sure this command returns at least one valid object.
WARNING: [Vivado 12-584] No ports matched 'SWITCHES[7]'. [C:/Users/willi/OneDrive/Documents/GitHub/CPE133MazeGame/AMAZEingGame.srcs/constrs_1/new/basys_3.xdc:27]
CRITICAL WARNING: [Common 17-55] 'set_property' expects at least one object. [C:/Users/willi/OneDrive/Documents/GitHub/CPE133MazeGame/AMAZEingGame.srcs/constrs_1/new/basys_3.xdc:27]
Resolution: If [get_<value>] was used to populate the object, check to make sure this command returns at least one valid object.
WARNING: [Vivado 12-584] No ports matched 'SWITCHES[8]'. [C:/Users/willi/OneDrive/Documents/GitHub/CPE133MazeGame/AMAZEingGame.srcs/constrs_1/new/basys_3.xdc:28]
CRITICAL WARNING: [Common 17-55] 'set_property' expects at least one object. [C:/Users/willi/OneDrive/Documents/GitHub/CPE133MazeGame/AMAZEingGame.srcs/constrs_1/new/basys_3.xdc:28]
Resolution: If [get_<value>] was used to populate the object, check to make sure this command returns at least one valid object.
WARNING: [Vivado 12-584] No ports matched 'SWITCHES[8]'. [C:/Users/willi/OneDrive/Documents/GitHub/CPE133MazeGame/AMAZEingGame.srcs/constrs_1/new/basys_3.xdc:29]
CRITICAL WARNING: [Common 17-55] 'set_property' expects at least one object. [C:/Users/willi/OneDrive/Documents/GitHub/CPE133MazeGame/AMAZEingGame.srcs/constrs_1/new/basys_3.xdc:29]
Resolution: If [get_<value>] was used to populate the object, check to make sure this command returns at least one valid object.
WARNING: [Vivado 12-584] No ports matched 'SWITCHES[9]'. [C:/Users/willi/OneDrive/Documents/GitHub/CPE133MazeGame/AMAZEingGame.srcs/constrs_1/new/basys_3.xdc:30]
CRITICAL WARNING: [Common 17-55] 'set_property' expects at least one object. [C:/Users/willi/OneDrive/Documents/GitHub/CPE133MazeGame/AMAZEingGame.srcs/constrs_1/new/basys_3.xdc:30]
Resolution: If [get_<value>] was used to populate the object, check to make sure this command returns at least one valid object.
WARNING: [Vivado 12-584] No ports matched 'SWITCHES[9]'. [C:/Users/willi/OneDrive/Documents/GitHub/CPE133MazeGame/AMAZEingGame.srcs/constrs_1/new/basys_3.xdc:31]
CRITICAL WARNING: [Common 17-55] 'set_property' expects at least one object. [C:/Users/willi/OneDrive/Documents/GitHub/CPE133MazeGame/AMAZEingGame.srcs/constrs_1/new/basys_3.xdc:31]
Resolution: If [get_<value>] was used to populate the object, check to make sure this command returns at least one valid object.
WARNING: [Vivado 12-584] No ports matched 'SWITCHES[10]'. [C:/Users/willi/OneDrive/Documents/GitHub/CPE133MazeGame/AMAZEingGame.srcs/constrs_1/new/basys_3.xdc:32]
CRITICAL WARNING: [Common 17-55] 'set_property' expects at least one object. [C:/Users/willi/OneDrive/Documents/GitHub/CPE133MazeGame/AMAZEingGame.srcs/constrs_1/new/basys_3.xdc:32]
Resolution: If [get_<value>] was used to populate the object, check to make sure this command returns at least one valid object.
WARNING: [Vivado 12-584] No ports matched 'SWITCHES[10]'. [C:/Users/willi/OneDrive/Documents/GitHub/CPE133MazeGame/AMAZEingGame.srcs/constrs_1/new/basys_3.xdc:33]
CRITICAL WARNING: [Common 17-55] 'set_property' expects at least one object. [C:/Users/willi/OneDrive/Documents/GitHub/CPE133MazeGame/AMAZEingGame.srcs/constrs_1/new/basys_3.xdc:33]
Resolution: If [get_<value>] was used to populate the object, check to make sure this command returns at least one valid object.
WARNING: [Vivado 12-584] No ports matched 'SWITCHES[11]'. [C:/Users/willi/OneDrive/Documents/GitHub/CPE133MazeGame/AMAZEingGame.srcs/constrs_1/new/basys_3.xdc:34]
CRITICAL WARNING: [Common 17-55] 'set_property' expects at least one object. [C:/Users/willi/OneDrive/Documents/GitHub/CPE133MazeGame/AMAZEingGame.srcs/constrs_1/new/basys_3.xdc:34]
Resolution: If [get_<value>] was used to populate the object, check to make sure this command returns at least one valid object.
WARNING: [Vivado 12-584] No ports matched 'SWITCHES[11]'. [C:/Users/willi/OneDrive/Documents/GitHub/CPE133MazeGame/AMAZEingGame.srcs/constrs_1/new/basys_3.xdc:35]
CRITICAL WARNING: [Common 17-55] 'set_property' expects at least one object. [C:/Users/willi/OneDrive/Documents/GitHub/CPE133MazeGame/AMAZEingGame.srcs/constrs_1/new/basys_3.xdc:35]
Resolution: If [get_<value>] was used to populate the object, check to make sure this command returns at least one valid object.
WARNING: [Vivado 12-584] No ports matched 'SWITCHES[12]'. [C:/Users/willi/OneDrive/Documents/GitHub/CPE133MazeGame/AMAZEingGame.srcs/constrs_1/new/basys_3.xdc:36]
CRITICAL WARNING: [Common 17-55] 'set_property' expects at least one object. [C:/Users/willi/OneDrive/Documents/GitHub/CPE133MazeGame/AMAZEingGame.srcs/constrs_1/new/basys_3.xdc:36]
Resolution: If [get_<value>] was used to populate the object, check to make sure this command returns at least one valid object.
WARNING: [Vivado 12-584] No ports matched 'SWITCHES[12]'. [C:/Users/willi/OneDrive/Documents/GitHub/CPE133MazeGame/AMAZEingGame.srcs/constrs_1/new/basys_3.xdc:37]
CRITICAL WARNING: [Common 17-55] 'set_property' expects at least one object. [C:/Users/willi/OneDrive/Documents/GitHub/CPE133MazeGame/AMAZEingGame.srcs/constrs_1/new/basys_3.xdc:37]
Resolution: If [get_<value>] was used to populate the object, check to make sure this command returns at least one valid object.
WARNING: [Vivado 12-584] No ports matched 'SWITCHES[13]'. [C:/Users/willi/OneDrive/Documents/GitHub/CPE133MazeGame/AMAZEingGame.srcs/constrs_1/new/basys_3.xdc:38]
CRITICAL WARNING: [Common 17-55] 'set_property' expects at least one object. [C:/Users/willi/OneDrive/Documents/GitHub/CPE133MazeGame/AMAZEingGame.srcs/constrs_1/new/basys_3.xdc:38]
Resolution: If [get_<value>] was used to populate the object, check to make sure this command returns at least one valid object.
WARNING: [Vivado 12-584] No ports matched 'SWITCHES[13]'. [C:/Users/willi/OneDrive/Documents/GitHub/CPE133MazeGame/AMAZEingGame.srcs/constrs_1/new/basys_3.xdc:39]
CRITICAL WARNING: [Common 17-55] 'set_property' expects at least one object. [C:/Users/willi/OneDrive/Documents/GitHub/CPE133MazeGame/AMAZEingGame.srcs/constrs_1/new/basys_3.xdc:39]
Resolution: If [get_<value>] was used to populate the object, check to make sure this command returns at least one valid object.
WARNING: [Vivado 12-584] No ports matched 'SWITCHES[14]'. [C:/Users/willi/OneDrive/Documents/GitHub/CPE133MazeGame/AMAZEingGame.srcs/constrs_1/new/basys_3.xdc:40]
CRITICAL WARNING: [Common 17-55] 'set_property' expects at least one object. [C:/Users/willi/OneDrive/Documents/GitHub/CPE133MazeGame/AMAZEingGame.srcs/constrs_1/new/basys_3.xdc:40]
Resolution: If [get_<value>] was used to populate the object, check to make sure this command returns at least one valid object.
WARNING: [Vivado 12-584] No ports matched 'SWITCHES[14]'. [C:/Users/willi/OneDrive/Documents/GitHub/CPE133MazeGame/AMAZEingGame.srcs/constrs_1/new/basys_3.xdc:41]
CRITICAL WARNING: [Common 17-55] 'set_property' expects at least one object. [C:/Users/willi/OneDrive/Documents/GitHub/CPE133MazeGame/AMAZEingGame.srcs/constrs_1/new/basys_3.xdc:41]
Resolution: If [get_<value>] was used to populate the object, check to make sure this command returns at least one valid object.
WARNING: [Vivado 12-584] No ports matched 'SWITCHES[15]'. [C:/Users/willi/OneDrive/Documents/GitHub/CPE133MazeGame/AMAZEingGame.srcs/constrs_1/new/basys_3.xdc:42]
CRITICAL WARNING: [Common 17-55] 'set_property' expects at least one object. [C:/Users/willi/OneDrive/Documents/GitHub/CPE133MazeGame/AMAZEingGame.srcs/constrs_1/new/basys_3.xdc:42]
Resolution: If [get_<value>] was used to populate the object, check to make sure this command returns at least one valid object.
WARNING: [Vivado 12-584] No ports matched 'SWITCHES[15]'. [C:/Users/willi/OneDrive/Documents/GitHub/CPE133MazeGame/AMAZEingGame.srcs/constrs_1/new/basys_3.xdc:43]
CRITICAL WARNING: [Common 17-55] 'set_property' expects at least one object. [C:/Users/willi/OneDrive/Documents/GitHub/CPE133MazeGame/AMAZEingGame.srcs/constrs_1/new/basys_3.xdc:43]
Resolution: If [get_<value>] was used to populate the object, check to make sure this command returns at least one valid object.
WARNING: [Vivado 12-584] No ports matched 'LEDS[0]'. [C:/Users/willi/OneDrive/Documents/GitHub/CPE133MazeGame/AMAZEingGame.srcs/constrs_1/new/basys_3.xdc:47]
CRITICAL WARNING: [Common 17-55] 'set_property' expects at least one object. [C:/Users/willi/OneDrive/Documents/GitHub/CPE133MazeGame/AMAZEingGame.srcs/constrs_1/new/basys_3.xdc:47]
Resolution: If [get_<value>] was used to populate the object, check to make sure this command returns at least one valid object.
WARNING: [Vivado 12-584] No ports matched 'LEDS[0]'. [C:/Users/willi/OneDrive/Documents/GitHub/CPE133MazeGame/AMAZEingGame.srcs/constrs_1/new/basys_3.xdc:48]
CRITICAL WARNING: [Common 17-55] 'set_property' expects at least one object. [C:/Users/willi/OneDrive/Documents/GitHub/CPE133MazeGame/AMAZEingGame.srcs/constrs_1/new/basys_3.xdc:48]
Resolution: If [get_<value>] was used to populate the object, check to make sure this command returns at least one valid object.
WARNING: [Vivado 12-584] No ports matched 'LEDS[1]'. [C:/Users/willi/OneDrive/Documents/GitHub/CPE133MazeGame/AMAZEingGame.srcs/constrs_1/new/basys_3.xdc:49]
CRITICAL WARNING: [Common 17-55] 'set_property' expects at least one object. [C:/Users/willi/OneDrive/Documents/GitHub/CPE133MazeGame/AMAZEingGame.srcs/constrs_1/new/basys_3.xdc:49]
Resolution: If [get_<value>] was used to populate the object, check to make sure this command returns at least one valid object.
WARNING: [Vivado 12-584] No ports matched 'LEDS[1]'. [C:/Users/willi/OneDrive/Documents/GitHub/CPE133MazeGame/AMAZEingGame.srcs/constrs_1/new/basys_3.xdc:50]
CRITICAL WARNING: [Common 17-55] 'set_property' expects at least one object. [C:/Users/willi/OneDrive/Documents/GitHub/CPE133MazeGame/AMAZEingGame.srcs/constrs_1/new/basys_3.xdc:50]
Resolution: If [get_<value>] was used to populate the object, check to make sure this command returns at least one valid object.
WARNING: [Vivado 12-584] No ports matched 'LEDS[2]'. [C:/Users/willi/OneDrive/Documents/GitHub/CPE133MazeGame/AMAZEingGame.srcs/constrs_1/new/basys_3.xdc:51]
CRITICAL WARNING: [Common 17-55] 'set_property' expects at least one object. [C:/Users/willi/OneDrive/Documents/GitHub/CPE133MazeGame/AMAZEingGame.srcs/constrs_1/new/basys_3.xdc:51]
Resolution: If [get_<value>] was used to populate the object, check to make sure this command returns at least one valid object.
WARNING: [Vivado 12-584] No ports matched 'LEDS[2]'. [C:/Users/willi/OneDrive/Documents/GitHub/CPE133MazeGame/AMAZEingGame.srcs/constrs_1/new/basys_3.xdc:52]
CRITICAL WARNING: [Common 17-55] 'set_property' expects at least one object. [C:/Users/willi/OneDrive/Documents/GitHub/CPE133MazeGame/AMAZEingGame.srcs/constrs_1/new/basys_3.xdc:52]
Resolution: If [get_<value>] was used to populate the object, check to make sure this command returns at least one valid object.
WARNING: [Vivado 12-584] No ports matched 'LEDS[3]'. [C:/Users/willi/OneDrive/Documents/GitHub/CPE133MazeGame/AMAZEingGame.srcs/constrs_1/new/basys_3.xdc:53]
CRITICAL WARNING: [Common 17-55] 'set_property' expects at least one object. [C:/Users/willi/OneDrive/Documents/GitHub/CPE133MazeGame/AMAZEingGame.srcs/constrs_1/new/basys_3.xdc:53]
Resolution: If [get_<value>] was used to populate the object, check to make sure this command returns at least one valid object.
WARNING: [Vivado 12-584] No ports matched 'LEDS[3]'. [C:/Users/willi/OneDrive/Documents/GitHub/CPE133MazeGame/AMAZEingGame.srcs/constrs_1/new/basys_3.xdc:54]
CRITICAL WARNING: [Common 17-55] 'set_property' expects at least one object. [C:/Users/willi/OneDrive/Documents/GitHub/CPE133MazeGame/AMAZEingGame.srcs/constrs_1/new/basys_3.xdc:54]
Resolution: If [get_<value>] was used to populate the object, check to make sure this command returns at least one valid object.
WARNING: [Vivado 12-584] No ports matched 'LEDS[4]'. [C:/Users/willi/OneDrive/Documents/GitHub/CPE133MazeGame/AMAZEingGame.srcs/constrs_1/new/basys_3.xdc:55]
CRITICAL WARNING: [Common 17-55] 'set_property' expects at least one object. [C:/Users/willi/OneDrive/Documents/GitHub/CPE133MazeGame/AMAZEingGame.srcs/constrs_1/new/basys_3.xdc:55]
Resolution: If [get_<value>] was used to populate the object, check to make sure this command returns at least one valid object.
WARNING: [Vivado 12-584] No ports matched 'LEDS[4]'. [C:/Users/willi/OneDrive/Documents/GitHub/CPE133MazeGame/AMAZEingGame.srcs/constrs_1/new/basys_3.xdc:56]
CRITICAL WARNING: [Common 17-55] 'set_property' expects at least one object. [C:/Users/willi/OneDrive/Documents/GitHub/CPE133MazeGame/AMAZEingGame.srcs/constrs_1/new/basys_3.xdc:56]
Resolution: If [get_<value>] was used to populate the object, check to make sure this command returns at least one valid object.
WARNING: [Vivado 12-584] No ports matched 'LEDS[5]'. [C:/Users/willi/OneDrive/Documents/GitHub/CPE133MazeGame/AMAZEingGame.srcs/constrs_1/new/basys_3.xdc:57]
CRITICAL WARNING: [Common 17-55] 'set_property' expects at least one object. [C:/Users/willi/OneDrive/Documents/GitHub/CPE133MazeGame/AMAZEingGame.srcs/constrs_1/new/basys_3.xdc:57]
Resolution: If [get_<value>] was used to populate the object, check to make sure this command returns at least one valid object.
WARNING: [Vivado 12-584] No ports matched 'LEDS[5]'. [C:/Users/willi/OneDrive/Documents/GitHub/CPE133MazeGame/AMAZEingGame.srcs/constrs_1/new/basys_3.xdc:58]
CRITICAL WARNING: [Common 17-55] 'set_property' expects at least one object. [C:/Users/willi/OneDrive/Documents/GitHub/CPE133MazeGame/AMAZEingGame.srcs/constrs_1/new/basys_3.xdc:58]
Resolution: If [get_<value>] was used to populate the object, check to make sure this command returns at least one valid object.
WARNING: [Vivado 12-584] No ports matched 'LEDS[6]'. [C:/Users/willi/OneDrive/Documents/GitHub/CPE133MazeGame/AMAZEingGame.srcs/constrs_1/new/basys_3.xdc:59]
CRITICAL WARNING: [Common 17-55] 'set_property' expects at least one object. [C:/Users/willi/OneDrive/Documents/GitHub/CPE133MazeGame/AMAZEingGame.srcs/constrs_1/new/basys_3.xdc:59]
Resolution: If [get_<value>] was used to populate the object, check to make sure this command returns at least one valid object.
WARNING: [Vivado 12-584] No ports matched 'LEDS[6]'. [C:/Users/willi/OneDrive/Documents/GitHub/CPE133MazeGame/AMAZEingGame.srcs/constrs_1/new/basys_3.xdc:60]
CRITICAL WARNING: [Common 17-55] 'set_property' expects at least one object. [C:/Users/willi/OneDrive/Documents/GitHub/CPE133MazeGame/AMAZEingGame.srcs/constrs_1/new/basys_3.xdc:60]
Resolution: If [get_<value>] was used to populate the object, check to make sure this command returns at least one valid object.
WARNING: [Vivado 12-584] No ports matched 'LEDS[7]'. [C:/Users/willi/OneDrive/Documents/GitHub/CPE133MazeGame/AMAZEingGame.srcs/constrs_1/new/basys_3.xdc:61]
CRITICAL WARNING: [Common 17-55] 'set_property' expects at least one object. [C:/Users/willi/OneDrive/Documents/GitHub/CPE133MazeGame/AMAZEingGame.srcs/constrs_1/new/basys_3.xdc:61]
Resolution: If [get_<value>] was used to populate the object, check to make sure this command returns at least one valid object.
WARNING: [Vivado 12-584] No ports matched 'LEDS[7]'. [C:/Users/willi/OneDrive/Documents/GitHub/CPE133MazeGame/AMAZEingGame.srcs/constrs_1/new/basys_3.xdc:62]
CRITICAL WARNING: [Common 17-55] 'set_property' expects at least one object. [C:/Users/willi/OneDrive/Documents/GitHub/CPE133MazeGame/AMAZEingGame.srcs/constrs_1/new/basys_3.xdc:62]
Resolution: If [get_<value>] was used to populate the object, check to make sure this command returns at least one valid object.
WARNING: [Vivado 12-584] No ports matched 'LEDS[8]'. [C:/Users/willi/OneDrive/Documents/GitHub/CPE133MazeGame/AMAZEingGame.srcs/constrs_1/new/basys_3.xdc:63]
CRITICAL WARNING: [Common 17-55] 'set_property' expects at least one object. [C:/Users/willi/OneDrive/Documents/GitHub/CPE133MazeGame/AMAZEingGame.srcs/constrs_1/new/basys_3.xdc:63]
Resolution: If [get_<value>] was used to populate the object, check to make sure this command returns at least one valid object.
WARNING: [Vivado 12-584] No ports matched 'LEDS[8]'. [C:/Users/willi/OneDrive/Documents/GitHub/CPE133MazeGame/AMAZEingGame.srcs/constrs_1/new/basys_3.xdc:64]
CRITICAL WARNING: [Common 17-55] 'set_property' expects at least one object. [C:/Users/willi/OneDrive/Documents/GitHub/CPE133MazeGame/AMAZEingGame.srcs/constrs_1/new/basys_3.xdc:64]
Resolution: If [get_<value>] was used to populate the object, check to make sure this command returns at least one valid object.
WARNING: [Vivado 12-584] No ports matched 'LEDS[9]'. [C:/Users/willi/OneDrive/Documents/GitHub/CPE133MazeGame/AMAZEingGame.srcs/constrs_1/new/basys_3.xdc:65]
CRITICAL WARNING: [Common 17-55] 'set_property' expects at least one object. [C:/Users/willi/OneDrive/Documents/GitHub/CPE133MazeGame/AMAZEingGame.srcs/constrs_1/new/basys_3.xdc:65]
Resolution: If [get_<value>] was used to populate the object, check to make sure this command returns at least one valid object.
WARNING: [Vivado 12-584] No ports matched 'LEDS[9]'. [C:/Users/willi/OneDrive/Documents/GitHub/CPE133MazeGame/AMAZEingGame.srcs/constrs_1/new/basys_3.xdc:66]
CRITICAL WARNING: [Common 17-55] 'set_property' expects at least one object. [C:/Users/willi/OneDrive/Documents/GitHub/CPE133MazeGame/AMAZEingGame.srcs/constrs_1/new/basys_3.xdc:66]
Resolution: If [get_<value>] was used to populate the object, check to make sure this command returns at least one valid object.
WARNING: [Vivado 12-584] No ports matched 'LEDS[10]'. [C:/Users/willi/OneDrive/Documents/GitHub/CPE133MazeGame/AMAZEingGame.srcs/constrs_1/new/basys_3.xdc:67]
CRITICAL WARNING: [Common 17-55] 'set_property' expects at least one object. [C:/Users/willi/OneDrive/Documents/GitHub/CPE133MazeGame/AMAZEingGame.srcs/constrs_1/new/basys_3.xdc:67]
Resolution: If [get_<value>] was used to populate the object, check to make sure this command returns at least one valid object.
WARNING: [Vivado 12-584] No ports matched 'LEDS[10]'. [C:/Users/willi/OneDrive/Documents/GitHub/CPE133MazeGame/AMAZEingGame.srcs/constrs_1/new/basys_3.xdc:68]
CRITICAL WARNING: [Common 17-55] 'set_property' expects at least one object. [C:/Users/willi/OneDrive/Documents/GitHub/CPE133MazeGame/AMAZEingGame.srcs/constrs_1/new/basys_3.xdc:68]
Resolution: If [get_<value>] was used to populate the object, check to make sure this command returns at least one valid object.
WARNING: [Vivado 12-584] No ports matched 'LEDS[11]'. [C:/Users/willi/OneDrive/Documents/GitHub/CPE133MazeGame/AMAZEingGame.srcs/constrs_1/new/basys_3.xdc:69]
CRITICAL WARNING: [Common 17-55] 'set_property' expects at least one object. [C:/Users/willi/OneDrive/Documents/GitHub/CPE133MazeGame/AMAZEingGame.srcs/constrs_1/new/basys_3.xdc:69]
Resolution: If [get_<value>] was used to populate the object, check to make sure this command returns at least one valid object.
WARNING: [Vivado 12-584] No ports matched 'LEDS[11]'. [C:/Users/willi/OneDrive/Documents/GitHub/CPE133MazeGame/AMAZEingGame.srcs/constrs_1/new/basys_3.xdc:70]
CRITICAL WARNING: [Common 17-55] 'set_property' expects at least one object. [C:/Users/willi/OneDrive/Documents/GitHub/CPE133MazeGame/AMAZEingGame.srcs/constrs_1/new/basys_3.xdc:70]
Resolution: If [get_<value>] was used to populate the object, check to make sure this command returns at least one valid object.
WARNING: [Vivado 12-584] No ports matched 'LEDS[12]'. [C:/Users/willi/OneDrive/Documents/GitHub/CPE133MazeGame/AMAZEingGame.srcs/constrs_1/new/basys_3.xdc:71]
CRITICAL WARNING: [Common 17-55] 'set_property' expects at least one object. [C:/Users/willi/OneDrive/Documents/GitHub/CPE133MazeGame/AMAZEingGame.srcs/constrs_1/new/basys_3.xdc:71]
Resolution: If [get_<value>] was used to populate the object, check to make sure this command returns at least one valid object.
WARNING: [Vivado 12-584] No ports matched 'LEDS[12]'. [C:/Users/willi/OneDrive/Documents/GitHub/CPE133MazeGame/AMAZEingGame.srcs/constrs_1/new/basys_3.xdc:72]
CRITICAL WARNING: [Common 17-55] 'set_property' expects at least one object. [C:/Users/willi/OneDrive/Documents/GitHub/CPE133MazeGame/AMAZEingGame.srcs/constrs_1/new/basys_3.xdc:72]
Resolution: If [get_<value>] was used to populate the object, check to make sure this command returns at least one valid object.
WARNING: [Vivado 12-584] No ports matched 'LEDS[13]'. [C:/Users/willi/OneDrive/Documents/GitHub/CPE133MazeGame/AMAZEingGame.srcs/constrs_1/new/basys_3.xdc:73]
CRITICAL WARNING: [Common 17-55] 'set_property' expects at least one object. [C:/Users/willi/OneDrive/Documents/GitHub/CPE133MazeGame/AMAZEingGame.srcs/constrs_1/new/basys_3.xdc:73]
Resolution: If [get_<value>] was used to populate the object, check to make sure this command returns at least one valid object.
WARNING: [Vivado 12-584] No ports matched 'LEDS[13]'. [C:/Users/willi/OneDrive/Documents/GitHub/CPE133MazeGame/AMAZEingGame.srcs/constrs_1/new/basys_3.xdc:74]
CRITICAL WARNING: [Common 17-55] 'set_property' expects at least one object. [C:/Users/willi/OneDrive/Documents/GitHub/CPE133MazeGame/AMAZEingGame.srcs/constrs_1/new/basys_3.xdc:74]
Resolution: If [get_<value>] was used to populate the object, check to make sure this command returns at least one valid object.
WARNING: [Vivado 12-584] No ports matched 'LEDS[14]'. [C:/Users/willi/OneDrive/Documents/GitHub/CPE133MazeGame/AMAZEingGame.srcs/constrs_1/new/basys_3.xdc:75]
CRITICAL WARNING: [Common 17-55] 'set_property' expects at least one object. [C:/Users/willi/OneDrive/Documents/GitHub/CPE133MazeGame/AMAZEingGame.srcs/constrs_1/new/basys_3.xdc:75]
Resolution: If [get_<value>] was used to populate the object, check to make sure this command returns at least one valid object.
WARNING: [Vivado 12-584] No ports matched 'LEDS[14]'. [C:/Users/willi/OneDrive/Documents/GitHub/CPE133MazeGame/AMAZEingGame.srcs/constrs_1/new/basys_3.xdc:76]
CRITICAL WARNING: [Common 17-55] 'set_property' expects at least one object. [C:/Users/willi/OneDrive/Documents/GitHub/CPE133MazeGame/AMAZEingGame.srcs/constrs_1/new/basys_3.xdc:76]
Resolution: If [get_<value>] was used to populate the object, check to make sure this command returns at least one valid object.
WARNING: [Vivado 12-584] No ports matched 'LEDS[15]'. [C:/Users/willi/OneDrive/Documents/GitHub/CPE133MazeGame/AMAZEingGame.srcs/constrs_1/new/basys_3.xdc:77]
CRITICAL WARNING: [Common 17-55] 'set_property' expects at least one object. [C:/Users/willi/OneDrive/Documents/GitHub/CPE133MazeGame/AMAZEingGame.srcs/constrs_1/new/basys_3.xdc:77]
Resolution: If [get_<value>] was used to populate the object, check to make sure this command returns at least one valid object.
WARNING: [Vivado 12-584] No ports matched 'LEDS[15]'. [C:/Users/willi/OneDrive/Documents/GitHub/CPE133MazeGame/AMAZEingGame.srcs/constrs_1/new/basys_3.xdc:78]
CRITICAL WARNING: [Common 17-55] 'set_property' expects at least one object. [C:/Users/willi/OneDrive/Documents/GitHub/CPE133MazeGame/AMAZEingGame.srcs/constrs_1/new/basys_3.xdc:78]
Resolution: If [get_<value>] was used to populate the object, check to make sure this command returns at least one valid object.
WARNING: [Vivado 12-584] No ports matched 'CATHODES[6]'. [C:/Users/willi/OneDrive/Documents/GitHub/CPE133MazeGame/AMAZEingGame.srcs/constrs_1/new/basys_3.xdc:82]
CRITICAL WARNING: [Common 17-55] 'set_property' expects at least one object. [C:/Users/willi/OneDrive/Documents/GitHub/CPE133MazeGame/AMAZEingGame.srcs/constrs_1/new/basys_3.xdc:82]
Resolution: If [get_<value>] was used to populate the object, check to make sure this command returns at least one valid object.
WARNING: [Vivado 12-584] No ports matched 'CATHODES[6]'. [C:/Users/willi/OneDrive/Documents/GitHub/CPE133MazeGame/AMAZEingGame.srcs/constrs_1/new/basys_3.xdc:83]
CRITICAL WARNING: [Common 17-55] 'set_property' expects at least one object. [C:/Users/willi/OneDrive/Documents/GitHub/CPE133MazeGame/AMAZEingGame.srcs/constrs_1/new/basys_3.xdc:83]
Resolution: If [get_<value>] was used to populate the object, check to make sure this command returns at least one valid object.
WARNING: [Vivado 12-584] No ports matched 'CATHODES[5]'. [C:/Users/willi/OneDrive/Documents/GitHub/CPE133MazeGame/AMAZEingGame.srcs/constrs_1/new/basys_3.xdc:84]
CRITICAL WARNING: [Common 17-55] 'set_property' expects at least one object. [C:/Users/willi/OneDrive/Documents/GitHub/CPE133MazeGame/AMAZEingGame.srcs/constrs_1/new/basys_3.xdc:84]
Resolution: If [get_<value>] was used to populate the object, check to make sure this command returns at least one valid object.
WARNING: [Vivado 12-584] No ports matched 'CATHODES[5]'. [C:/Users/willi/OneDrive/Documents/GitHub/CPE133MazeGame/AMAZEingGame.srcs/constrs_1/new/basys_3.xdc:85]
CRITICAL WARNING: [Common 17-55] 'set_property' expects at least one object. [C:/Users/willi/OneDrive/Documents/GitHub/CPE133MazeGame/AMAZEingGame.srcs/constrs_1/new/basys_3.xdc:85]
Resolution: If [get_<value>] was used to populate the object, check to make sure this command returns at least one valid object.
WARNING: [Vivado 12-584] No ports matched 'CATHODES[4]'. [C:/Users/willi/OneDrive/Documents/GitHub/CPE133MazeGame/AMAZEingGame.srcs/constrs_1/new/basys_3.xdc:86]
CRITICAL WARNING: [Common 17-55] 'set_property' expects at least one object. [C:/Users/willi/OneDrive/Documents/GitHub/CPE133MazeGame/AMAZEingGame.srcs/constrs_1/new/basys_3.xdc:86]
Resolution: If [get_<value>] was used to populate the object, check to make sure this command returns at least one valid object.
WARNING: [Vivado 12-584] No ports matched 'CATHODES[4]'. [C:/Users/willi/OneDrive/Documents/GitHub/CPE133MazeGame/AMAZEingGame.srcs/constrs_1/new/basys_3.xdc:87]
CRITICAL WARNING: [Common 17-55] 'set_property' expects at least one object. [C:/Users/willi/OneDrive/Documents/GitHub/CPE133MazeGame/AMAZEingGame.srcs/constrs_1/new/basys_3.xdc:87]
Resolution: If [get_<value>] was used to populate the object, check to make sure this command returns at least one valid object.
WARNING: [Vivado 12-584] No ports matched 'CATHODES[3]'. [C:/Users/willi/OneDrive/Documents/GitHub/CPE133MazeGame/AMAZEingGame.srcs/constrs_1/new/basys_3.xdc:88]
CRITICAL WARNING: [Common 17-55] 'set_property' expects at least one object. [C:/Users/willi/OneDrive/Documents/GitHub/CPE133MazeGame/AMAZEingGame.srcs/constrs_1/new/basys_3.xdc:88]
Resolution: If [get_<value>] was used to populate the object, check to make sure this command returns at least one valid object.
WARNING: [Vivado 12-584] No ports matched 'CATHODES[3]'. [C:/Users/willi/OneDrive/Documents/GitHub/CPE133MazeGame/AMAZEingGame.srcs/constrs_1/new/basys_3.xdc:89]
CRITICAL WARNING: [Common 17-55] 'set_property' expects at least one object. [C:/Users/willi/OneDrive/Documents/GitHub/CPE133MazeGame/AMAZEingGame.srcs/constrs_1/new/basys_3.xdc:89]
Resolution: If [get_<value>] was used to populate the object, check to make sure this command returns at least one valid object.
WARNING: [Vivado 12-584] No ports matched 'CATHODES[2]'. [C:/Users/willi/OneDrive/Documents/GitHub/CPE133MazeGame/AMAZEingGame.srcs/constrs_1/new/basys_3.xdc:90]
CRITICAL WARNING: [Common 17-55] 'set_property' expects at least one object. [C:/Users/willi/OneDrive/Documents/GitHub/CPE133MazeGame/AMAZEingGame.srcs/constrs_1/new/basys_3.xdc:90]
Resolution: If [get_<value>] was used to populate the object, check to make sure this command returns at least one valid object.
WARNING: [Vivado 12-584] No ports matched 'CATHODES[2]'. [C:/Users/willi/OneDrive/Documents/GitHub/CPE133MazeGame/AMAZEingGame.srcs/constrs_1/new/basys_3.xdc:91]
CRITICAL WARNING: [Common 17-55] 'set_property' expects at least one object. [C:/Users/willi/OneDrive/Documents/GitHub/CPE133MazeGame/AMAZEingGame.srcs/constrs_1/new/basys_3.xdc:91]
Resolution: If [get_<value>] was used to populate the object, check to make sure this command returns at least one valid object.
WARNING: [Vivado 12-584] No ports matched 'CATHODES[1]'. [C:/Users/willi/OneDrive/Documents/GitHub/CPE133MazeGame/AMAZEingGame.srcs/constrs_1/new/basys_3.xdc:92]
CRITICAL WARNING: [Common 17-55] 'set_property' expects at least one object. [C:/Users/willi/OneDrive/Documents/GitHub/CPE133MazeGame/AMAZEingGame.srcs/constrs_1/new/basys_3.xdc:92]
Resolution: If [get_<value>] was used to populate the object, check to make sure this command returns at least one valid object.
WARNING: [Vivado 12-584] No ports matched 'CATHODES[1]'. [C:/Users/willi/OneDrive/Documents/GitHub/CPE133MazeGame/AMAZEingGame.srcs/constrs_1/new/basys_3.xdc:93]
CRITICAL WARNING: [Common 17-55] 'set_property' expects at least one object. [C:/Users/willi/OneDrive/Documents/GitHub/CPE133MazeGame/AMAZEingGame.srcs/constrs_1/new/basys_3.xdc:93]
Resolution: If [get_<value>] was used to populate the object, check to make sure this command returns at least one valid object.
WARNING: [Vivado 12-584] No ports matched 'CATHODES[0]'. [C:/Users/willi/OneDrive/Documents/GitHub/CPE133MazeGame/AMAZEingGame.srcs/constrs_1/new/basys_3.xdc:94]
CRITICAL WARNING: [Common 17-55] 'set_property' expects at least one object. [C:/Users/willi/OneDrive/Documents/GitHub/CPE133MazeGame/AMAZEingGame.srcs/constrs_1/new/basys_3.xdc:94]
Resolution: If [get_<value>] was used to populate the object, check to make sure this command returns at least one valid object.
WARNING: [Vivado 12-584] No ports matched 'CATHODES[0]'. [C:/Users/willi/OneDrive/Documents/GitHub/CPE133MazeGame/AMAZEingGame.srcs/constrs_1/new/basys_3.xdc:95]
CRITICAL WARNING: [Common 17-55] 'set_property' expects at least one object. [C:/Users/willi/OneDrive/Documents/GitHub/CPE133MazeGame/AMAZEingGame.srcs/constrs_1/new/basys_3.xdc:95]
Resolution: If [get_<value>] was used to populate the object, check to make sure this command returns at least one valid object.
WARNING: [Vivado 12-584] No ports matched 'CATHODES[7]'. [C:/Users/willi/OneDrive/Documents/GitHub/CPE133MazeGame/AMAZEingGame.srcs/constrs_1/new/basys_3.xdc:97]
CRITICAL WARNING: [Common 17-55] 'set_property' expects at least one object. [C:/Users/willi/OneDrive/Documents/GitHub/CPE133MazeGame/AMAZEingGame.srcs/constrs_1/new/basys_3.xdc:97]
Resolution: If [get_<value>] was used to populate the object, check to make sure this command returns at least one valid object.
WARNING: [Vivado 12-584] No ports matched 'CATHODES[7]'. [C:/Users/willi/OneDrive/Documents/GitHub/CPE133MazeGame/AMAZEingGame.srcs/constrs_1/new/basys_3.xdc:98]
CRITICAL WARNING: [Common 17-55] 'set_property' expects at least one object. [C:/Users/willi/OneDrive/Documents/GitHub/CPE133MazeGame/AMAZEingGame.srcs/constrs_1/new/basys_3.xdc:98]
Resolution: If [get_<value>] was used to populate the object, check to make sure this command returns at least one valid object.
WARNING: [Vivado 12-584] No ports matched 'ANODES[0]'. [C:/Users/willi/OneDrive/Documents/GitHub/CPE133MazeGame/AMAZEingGame.srcs/constrs_1/new/basys_3.xdc:100]
CRITICAL WARNING: [Common 17-55] 'set_property' expects at least one object. [C:/Users/willi/OneDrive/Documents/GitHub/CPE133MazeGame/AMAZEingGame.srcs/constrs_1/new/basys_3.xdc:100]
Resolution: If [get_<value>] was used to populate the object, check to make sure this command returns at least one valid object.
WARNING: [Vivado 12-584] No ports matched 'ANODES[0]'. [C:/Users/willi/OneDrive/Documents/GitHub/CPE133MazeGame/AMAZEingGame.srcs/constrs_1/new/basys_3.xdc:101]
CRITICAL WARNING: [Common 17-55] 'set_property' expects at least one object. [C:/Users/willi/OneDrive/Documents/GitHub/CPE133MazeGame/AMAZEingGame.srcs/constrs_1/new/basys_3.xdc:101]
Resolution: If [get_<value>] was used to populate the object, check to make sure this command returns at least one valid object.
WARNING: [Vivado 12-584] No ports matched 'ANODES[1]'. [C:/Users/willi/OneDrive/Documents/GitHub/CPE133MazeGame/AMAZEingGame.srcs/constrs_1/new/basys_3.xdc:102]
CRITICAL WARNING: [Common 17-55] 'set_property' expects at least one object. [C:/Users/willi/OneDrive/Documents/GitHub/CPE133MazeGame/AMAZEingGame.srcs/constrs_1/new/basys_3.xdc:102]
Resolution: If [get_<value>] was used to populate the object, check to make sure this command returns at least one valid object.
WARNING: [Vivado 12-584] No ports matched 'ANODES[1]'. [C:/Users/willi/OneDrive/Documents/GitHub/CPE133MazeGame/AMAZEingGame.srcs/constrs_1/new/basys_3.xdc:103]
CRITICAL WARNING: [Common 17-55] 'set_property' expects at least one object. [C:/Users/willi/OneDrive/Documents/GitHub/CPE133MazeGame/AMAZEingGame.srcs/constrs_1/new/basys_3.xdc:103]
Resolution: If [get_<value>] was used to populate the object, check to make sure this command returns at least one valid object.
WARNING: [Vivado 12-584] No ports matched 'ANODES[2]'. [C:/Users/willi/OneDrive/Documents/GitHub/CPE133MazeGame/AMAZEingGame.srcs/constrs_1/new/basys_3.xdc:104]
CRITICAL WARNING: [Common 17-55] 'set_property' expects at least one object. [C:/Users/willi/OneDrive/Documents/GitHub/CPE133MazeGame/AMAZEingGame.srcs/constrs_1/new/basys_3.xdc:104]
Resolution: If [get_<value>] was used to populate the object, check to make sure this command returns at least one valid object.
WARNING: [Vivado 12-584] No ports matched 'ANODES[2]'. [C:/Users/willi/OneDrive/Documents/GitHub/CPE133MazeGame/AMAZEingGame.srcs/constrs_1/new/basys_3.xdc:105]
CRITICAL WARNING: [Common 17-55] 'set_property' expects at least one object. [C:/Users/willi/OneDrive/Documents/GitHub/CPE133MazeGame/AMAZEingGame.srcs/constrs_1/new/basys_3.xdc:105]
Resolution: If [get_<value>] was used to populate the object, check to make sure this command returns at least one valid object.
WARNING: [Vivado 12-584] No ports matched 'ANODES[3]'. [C:/Users/willi/OneDrive/Documents/GitHub/CPE133MazeGame/AMAZEingGame.srcs/constrs_1/new/basys_3.xdc:106]
CRITICAL WARNING: [Common 17-55] 'set_property' expects at least one object. [C:/Users/willi/OneDrive/Documents/GitHub/CPE133MazeGame/AMAZEingGame.srcs/constrs_1/new/basys_3.xdc:106]
Resolution: If [get_<value>] was used to populate the object, check to make sure this command returns at least one valid object.
WARNING: [Vivado 12-584] No ports matched 'ANODES[3]'. [C:/Users/willi/OneDrive/Documents/GitHub/CPE133MazeGame/AMAZEingGame.srcs/constrs_1/new/basys_3.xdc:107]
CRITICAL WARNING: [Common 17-55] 'set_property' expects at least one object. [C:/Users/willi/OneDrive/Documents/GitHub/CPE133MazeGame/AMAZEingGame.srcs/constrs_1/new/basys_3.xdc:107]
Resolution: If [get_<value>] was used to populate the object, check to make sure this command returns at least one valid object.
WARNING: [Vivado 12-584] No ports matched 'BTNC'. [C:/Users/willi/OneDrive/Documents/GitHub/CPE133MazeGame/AMAZEingGame.srcs/constrs_1/new/basys_3.xdc:111]
CRITICAL WARNING: [Common 17-55] 'set_property' expects at least one object. [C:/Users/willi/OneDrive/Documents/GitHub/CPE133MazeGame/AMAZEingGame.srcs/constrs_1/new/basys_3.xdc:111]
Resolution: If [get_<value>] was used to populate the object, check to make sure this command returns at least one valid object.
WARNING: [Vivado 12-584] No ports matched 'BTNC'. [C:/Users/willi/OneDrive/Documents/GitHub/CPE133MazeGame/AMAZEingGame.srcs/constrs_1/new/basys_3.xdc:112]
CRITICAL WARNING: [Common 17-55] 'set_property' expects at least one object. [C:/Users/willi/OneDrive/Documents/GitHub/CPE133MazeGame/AMAZEingGame.srcs/constrs_1/new/basys_3.xdc:112]
Resolution: If [get_<value>] was used to populate the object, check to make sure this command returns at least one valid object.
WARNING: [Vivado 12-584] No ports matched 'BTNL'. [C:/Users/willi/OneDrive/Documents/GitHub/CPE133MazeGame/AMAZEingGame.srcs/constrs_1/new/basys_3.xdc:115]
CRITICAL WARNING: [Common 17-55] 'set_property' expects at least one object. [C:/Users/willi/OneDrive/Documents/GitHub/CPE133MazeGame/AMAZEingGame.srcs/constrs_1/new/basys_3.xdc:115]
Resolution: If [get_<value>] was used to populate the object, check to make sure this command returns at least one valid object.
WARNING: [Vivado 12-584] No ports matched 'BTNL'. [C:/Users/willi/OneDrive/Documents/GitHub/CPE133MazeGame/AMAZEingGame.srcs/constrs_1/new/basys_3.xdc:116]
CRITICAL WARNING: [Common 17-55] 'set_property' expects at least one object. [C:/Users/willi/OneDrive/Documents/GitHub/CPE133MazeGame/AMAZEingGame.srcs/constrs_1/new/basys_3.xdc:116]
Resolution: If [get_<value>] was used to populate the object, check to make sure this command returns at least one valid object.
WARNING: [Vivado 12-584] No ports matched 'VGA_RGB[5]'. [C:/Users/willi/OneDrive/Documents/GitHub/CPE133MazeGame/AMAZEingGame.srcs/constrs_1/new/basys_3.xdc:236]
CRITICAL WARNING: [Common 17-55] 'set_property' expects at least one object. [C:/Users/willi/OneDrive/Documents/GitHub/CPE133MazeGame/AMAZEingGame.srcs/constrs_1/new/basys_3.xdc:236]
Resolution: If [get_<value>] was used to populate the object, check to make sure this command returns at least one valid object.
WARNING: [Vivado 12-584] No ports matched 'VGA_RGB[5]'. [C:/Users/willi/OneDrive/Documents/GitHub/CPE133MazeGame/AMAZEingGame.srcs/constrs_1/new/basys_3.xdc:237]
CRITICAL WARNING: [Common 17-55] 'set_property' expects at least one object. [C:/Users/willi/OneDrive/Documents/GitHub/CPE133MazeGame/AMAZEingGame.srcs/constrs_1/new/basys_3.xdc:237]
Resolution: If [get_<value>] was used to populate the object, check to make sure this command returns at least one valid object.
WARNING: [Vivado 12-584] No ports matched 'VGA_RGB[5]'. [C:/Users/willi/OneDrive/Documents/GitHub/CPE133MazeGame/AMAZEingGame.srcs/constrs_1/new/basys_3.xdc:238]
CRITICAL WARNING: [Common 17-55] 'set_property' expects at least one object. [C:/Users/willi/OneDrive/Documents/GitHub/CPE133MazeGame/AMAZEingGame.srcs/constrs_1/new/basys_3.xdc:238]
Resolution: If [get_<value>] was used to populate the object, check to make sure this command returns at least one valid object.
WARNING: [Vivado 12-584] No ports matched 'VGA_RGB[5]'. [C:/Users/willi/OneDrive/Documents/GitHub/CPE133MazeGame/AMAZEingGame.srcs/constrs_1/new/basys_3.xdc:239]
CRITICAL WARNING: [Common 17-55] 'set_property' expects at least one object. [C:/Users/willi/OneDrive/Documents/GitHub/CPE133MazeGame/AMAZEingGame.srcs/constrs_1/new/basys_3.xdc:239]
Resolution: If [get_<value>] was used to populate the object, check to make sure this command returns at least one valid object.
WARNING: [Vivado 12-584] No ports matched 'VGA_RGB[6]'. [C:/Users/willi/OneDrive/Documents/GitHub/CPE133MazeGame/AMAZEingGame.srcs/constrs_1/new/basys_3.xdc:240]
INFO: [Common 17-14] Message 'Vivado 12-584' appears 100 times and further instances of the messages will be disabled. Use the Tcl command set_msg_config to change the current settings. [C:/Users/willi/OneDrive/Documents/GitHub/CPE133MazeGame/AMAZEingGame.srcs/constrs_1/new/basys_3.xdc:240]
CRITICAL WARNING: [Common 17-55] 'set_property' expects at least one object. [C:/Users/willi/OneDrive/Documents/GitHub/CPE133MazeGame/AMAZEingGame.srcs/constrs_1/new/basys_3.xdc:240]
Resolution: If [get_<value>] was used to populate the object, check to make sure this command returns at least one valid object.
CRITICAL WARNING: [Common 17-55] 'set_property' expects at least one object. [C:/Users/willi/OneDrive/Documents/GitHub/CPE133MazeGame/AMAZEingGame.srcs/constrs_1/new/basys_3.xdc:241]
Resolution: If [get_<value>] was used to populate the object, check to make sure this command returns at least one valid object.
Finished Parsing XDC File [C:/Users/willi/OneDrive/Documents/GitHub/CPE133MazeGame/AMAZEingGame.srcs/constrs_1/new/basys_3.xdc]
Completed Processing XDC Constraints

INFO: [Project 1-111] Unisim Transformation Summary:
No Unisim elements were transformed.

WARNING: [Constraints 18-5210] No constraint will be written out.
Constraint Validation Runtime : Time (s): cpu = 00:00:00 ; elapsed = 00:00:00.044 . Memory (MB): peak = 712.820 ; gain = 0.648
---------------------------------------------------------------------------------
Finished Constraint Validation : Time (s): cpu = 00:00:12 ; elapsed = 00:00:13 . Memory (MB): peak = 712.820 ; gain = 456.582
---------------------------------------------------------------------------------
---------------------------------------------------------------------------------
Start Loading Part and Timing Information
---------------------------------------------------------------------------------
Loading part: xc7a35tcpg236-1
---------------------------------------------------------------------------------
Finished Loading Part and Timing Information : Time (s): cpu = 00:00:12 ; elapsed = 00:00:13 . Memory (MB): peak = 712.820 ; gain = 456.582
---------------------------------------------------------------------------------
---------------------------------------------------------------------------------
Start Applying 'set_property' XDC Constraints
---------------------------------------------------------------------------------
---------------------------------------------------------------------------------
Finished applying 'set_property' XDC Constraints : Time (s): cpu = 00:00:12 ; elapsed = 00:00:13 . Memory (MB): peak = 712.820 ; gain = 456.582
---------------------------------------------------------------------------------
---------------------------------------------------------------------------------
Finished RTL Optimization Phase 2 : Time (s): cpu = 00:00:12 ; elapsed = 00:00:14 . Memory (MB): peak = 712.820 ; gain = 456.582
---------------------------------------------------------------------------------

Report RTL Partitions: 
+-+--------------+------------+----------+
| |RTL Partition |Replication |Instances |
+-+--------------+------------+----------+
+-+--------------+------------+----------+
---------------------------------------------------------------------------------
Start RTL Component Statistics 
---------------------------------------------------------------------------------
Detailed RTL Component Info : 
+---Adders : 
	   2 Input     10 Bit       Adders := 2     
+---Registers : 
	               10 Bit    Registers := 2     
	                3 Bit    Registers := 2     
	                2 Bit    Registers := 1     
	                1 Bit    Registers := 3     
+---Muxes : 
	   2 Input      3 Bit        Muxes := 2     
	   2 Input      2 Bit        Muxes := 1     
---------------------------------------------------------------------------------
Finished RTL Component Statistics 
---------------------------------------------------------------------------------
---------------------------------------------------------------------------------
Start RTL Hierarchical Component Statistics 
---------------------------------------------------------------------------------
Hierarchical RTL Component report 
Module vga_fb_driver_80x60 
Detailed RTL Component Info : 
+---Registers : 
	                1 Bit    Registers := 1     
Module vga_driver_80x60 
Detailed RTL Component Info : 
+---Adders : 
	   2 Input     10 Bit       Adders := 2     
+---Registers : 
	               10 Bit    Registers := 2     
	                3 Bit    Registers := 2     
	                2 Bit    Registers := 1     
	                1 Bit    Registers := 2     
+---Muxes : 
	   2 Input      3 Bit        Muxes := 2     
	   2 Input      2 Bit        Muxes := 1     
---------------------------------------------------------------------------------
Finished RTL Hierarchical Component Statistics
---------------------------------------------------------------------------------
---------------------------------------------------------------------------------
Start Part Resource Summary
---------------------------------------------------------------------------------
Part Resources:
DSPs: 90 (col length:60)
BRAMs: 100 (col length: RAMB18 60 RAMB36 30)
---------------------------------------------------------------------------------
Finished Part Resource Summary
---------------------------------------------------------------------------------
---------------------------------------------------------------------------------
Start Cross Boundary and Area Optimization
---------------------------------------------------------------------------------
Warning: Parallel synthesis criteria is not met 
---------------------------------------------------------------------------------
Finished Cross Boundary and Area Optimization : Time (s): cpu = 00:00:14 ; elapsed = 00:00:15 . Memory (MB): peak = 712.820 ; gain = 456.582
---------------------------------------------------------------------------------
---------------------------------------------------------------------------------
Start ROM, RAM, DSP and Shift Register Reporting
---------------------------------------------------------------------------------

Distributed RAM: Preliminary Mapping  Report (see note below)
+--------------------+--------------------------+-----------+----------------------+-----------------------------------------------+
|Module Name         | RTL Object               | Inference | Size (Depth x Width) | Primitives                                    | 
+--------------------+--------------------------+-----------+----------------------+-----------------------------------------------+
|vga_fb_driver_80x60 | framebuffer/r_memory_reg | Implied   | 8 K x 8              | RAM16X1D x 8  RAM64X1D x 8  RAM128X1D x 472   | 
+--------------------+--------------------------+-----------+----------------------+-----------------------------------------------+

Note: The table above is a preliminary report that shows the Distributed RAMs at the current stage of the synthesis flow. Some Distributed RAMs may be reimplemented as non Distributed RAM primitives later in the synthesis flow. Multiple instantiated RAMs are reported only once.
---------------------------------------------------------------------------------
Finished ROM, RAM, DSP and Shift Register Reporting
---------------------------------------------------------------------------------

Report RTL Partitions: 
+-+--------------+------------+----------+
| |RTL Partition |Replication |Instances |
+-+--------------+------------+----------+
+-+--------------+------------+----------+
---------------------------------------------------------------------------------
Start Applying XDC Timing Constraints
---------------------------------------------------------------------------------
---------------------------------------------------------------------------------
Finished Applying XDC Timing Constraints : Time (s): cpu = 00:00:23 ; elapsed = 00:00:25 . Memory (MB): peak = 734.836 ; gain = 478.598
---------------------------------------------------------------------------------
---------------------------------------------------------------------------------
Start Timing Optimization
---------------------------------------------------------------------------------
---------------------------------------------------------------------------------
Finished Timing Optimization : Time (s): cpu = 00:00:23 ; elapsed = 00:00:25 . Memory (MB): peak = 735.773 ; gain = 479.535
---------------------------------------------------------------------------------
---------------------------------------------------------------------------------
Start ROM, RAM, DSP and Shift Register Reporting
---------------------------------------------------------------------------------

Distributed RAM: Final Mapping  Report
+--------------------+--------------------------+-----------+----------------------+-----------------------------------------------+
|Module Name         | RTL Object               | Inference | Size (Depth x Width) | Primitives                                    | 
+--------------------+--------------------------+-----------+----------------------+-----------------------------------------------+
|vga_fb_driver_80x60 | framebuffer/r_memory_reg | Implied   | 8 K x 8              | RAM16X1D x 8  RAM64X1D x 8  RAM128X1D x 472   | 
+--------------------+--------------------------+-----------+----------------------+-----------------------------------------------+

---------------------------------------------------------------------------------
Finished ROM, RAM, DSP and Shift Register Reporting
---------------------------------------------------------------------------------

Report RTL Partitions: 
+-+--------------+------------+----------+
| |RTL Partition |Replication |Instances |
+-+--------------+------------+----------+
+-+--------------+------------+----------+
---------------------------------------------------------------------------------
Start Technology Mapping
---------------------------------------------------------------------------------
---------------------------------------------------------------------------------
Finished Technology Mapping : Time (s): cpu = 00:00:23 ; elapsed = 00:00:25 . Memory (MB): peak = 757.316 ; gain = 501.078
---------------------------------------------------------------------------------

Report RTL Partitions: 
+-+--------------+------------+----------+
| |RTL Partition |Replication |Instances |
+-+--------------+------------+----------+
+-+--------------+------------+----------+
---------------------------------------------------------------------------------
Start IO Insertion
---------------------------------------------------------------------------------
---------------------------------------------------------------------------------
Start Flattening Before IO Insertion
---------------------------------------------------------------------------------
---------------------------------------------------------------------------------
Finished Flattening Before IO Insertion
---------------------------------------------------------------------------------
---------------------------------------------------------------------------------
Start Final Netlist Cleanup
---------------------------------------------------------------------------------
---------------------------------------------------------------------------------
Finished Final Netlist Cleanup
---------------------------------------------------------------------------------
---------------------------------------------------------------------------------
Finished IO Insertion : Time (s): cpu = 00:00:24 ; elapsed = 00:00:26 . Memory (MB): peak = 757.316 ; gain = 501.078
---------------------------------------------------------------------------------

Report Check Netlist: 
+------+------------------+-------+---------+-------+------------------+
|      |Item              |Errors |Warnings |Status |Description       |
+------+------------------+-------+---------+-------+------------------+
|1     |multi_driven_nets |      0|        0|Passed |Multi driven nets |
+------+------------------+-------+---------+-------+------------------+
---------------------------------------------------------------------------------
Start Renaming Generated Instances
---------------------------------------------------------------------------------
---------------------------------------------------------------------------------
Finished Renaming Generated Instances : Time (s): cpu = 00:00:24 ; elapsed = 00:00:26 . Memory (MB): peak = 757.316 ; gain = 501.078
---------------------------------------------------------------------------------

Report RTL Partitions: 
+-+--------------+------------+----------+
| |RTL Partition |Replication |Instances |
+-+--------------+------------+----------+
+-+--------------+------------+----------+
---------------------------------------------------------------------------------
Start Rebuilding User Hierarchy
---------------------------------------------------------------------------------
---------------------------------------------------------------------------------
Finished Rebuilding User Hierarchy : Time (s): cpu = 00:00:24 ; elapsed = 00:00:26 . Memory (MB): peak = 757.316 ; gain = 501.078
---------------------------------------------------------------------------------
---------------------------------------------------------------------------------
Start Renaming Generated Ports
---------------------------------------------------------------------------------
---------------------------------------------------------------------------------
Finished Renaming Generated Ports : Time (s): cpu = 00:00:24 ; elapsed = 00:00:26 . Memory (MB): peak = 757.316 ; gain = 501.078
---------------------------------------------------------------------------------
---------------------------------------------------------------------------------
Start Handling Custom Attributes
---------------------------------------------------------------------------------
---------------------------------------------------------------------------------
Finished Handling Custom Attributes : Time (s): cpu = 00:00:24 ; elapsed = 00:00:26 . Memory (MB): peak = 757.316 ; gain = 501.078
---------------------------------------------------------------------------------
---------------------------------------------------------------------------------
Start Renaming Generated Nets
---------------------------------------------------------------------------------
---------------------------------------------------------------------------------
Finished Renaming Generated Nets : Time (s): cpu = 00:00:24 ; elapsed = 00:00:26 . Memory (MB): peak = 757.316 ; gain = 501.078
---------------------------------------------------------------------------------
---------------------------------------------------------------------------------
Start Writing Synthesis Report
---------------------------------------------------------------------------------

Report BlackBoxes: 
+-+--------------+----------+
| |BlackBox name |Instances |
+-+--------------+----------+
+-+--------------+----------+

Report Cell Usage: 
+------+----------+------+
|      |Cell      |Count |
+------+----------+------+
|1     |BUFG      |     2|
|2     |LUT1      |     3|
|3     |LUT2      |    70|
|4     |LUT3      |    10|
|5     |LUT4      |     8|
|6     |LUT5      |    31|
|7     |LUT6      |   309|
|8     |MUXF7     |   128|
|9     |MUXF8     |    16|
|10    |RAM128X1D |   472|
|11    |RAM16X1D  |     8|
|12    |RAM64X1D  |     8|
|13    |FDRE      |    43|
|14    |IBUF      |    23|
|15    |OBUF      |    18|
+------+----------+------+

Report Instance Areas: 
+------+--------------+-----------------+------+
|      |Instance      |Module           |Cells |
+------+--------------+-----------------+------+
|1     |top           |                 |  1149|
|2     |  framebuffer |ram8k_8_80x60    |   983|
|3     |  vga_out     |vga_driver_80x60 |   121|
+------+--------------+-----------------+------+
---------------------------------------------------------------------------------
Finished Writing Synthesis Report : Time (s): cpu = 00:00:24 ; elapsed = 00:00:26 . Memory (MB): peak = 757.316 ; gain = 501.078
---------------------------------------------------------------------------------
Synthesis finished with 0 errors, 0 critical warnings and 0 warnings.
Synthesis Optimization Runtime : Time (s): cpu = 00:00:14 ; elapsed = 00:00:19 . Memory (MB): peak = 757.316 ; gain = 198.633
Synthesis Optimization Complete : Time (s): cpu = 00:00:24 ; elapsed = 00:00:27 . Memory (MB): peak = 757.316 ; gain = 501.078
INFO: [Project 1-571] Translating synthesized netlist
INFO: [Netlist 29-17] Analyzing 655 Unisim elements for replacement
INFO: [Netlist 29-28] Unisim Transformation completed in 2 CPU seconds
INFO: [Project 1-570] Preparing netlist for logic optimization
INFO: [Opt 31-138] Pushed 0 inverter(s) to 0 load pin(s).
INFO: [Project 1-111] Unisim Transformation Summary:
  A total of 488 instances were transformed.
  RAM128X1D => RAM128X1D (RAMD64E, RAMD64E, MUXF7, MUXF7, RAMD64E, RAMD64E): 472 instances
  RAM16X1D => RAM32X1D (RAMD32, RAMD32): 8 instances
  RAM64X1D => RAM64X1D (RAMD64E, RAMD64E): 8 instances

INFO: [Common 17-83] Releasing license: Synthesis
18 Infos, 101 Warnings, 101 Critical Warnings and 0 Errors encountered.
synth_design completed successfully
synth_design: Time (s): cpu = 00:00:26 ; elapsed = 00:00:30 . Memory (MB): peak = 758.438 ; gain = 514.746
WARNING: [Constraints 18-5210] No constraint will be written out.
INFO: [Common 17-1381] The checkpoint 'C:/Users/willi/OneDrive/Documents/GitHub/CPE133MazeGame/AMAZEingGame.runs/synth_1/vga_fb_driver_80x60.dcp' has been generated.
INFO: [runtcl-4] Executing : report_utilization -file vga_fb_driver_80x60_utilization_synth.rpt -pb vga_fb_driver_80x60_utilization_synth.pb
report_utilization: Time (s): cpu = 00:00:01 ; elapsed = 00:00:00.104 . Memory (MB): peak = 758.438 ; gain = 0.000
INFO: [Common 17-206] Exiting Vivado at Wed Nov 27 11:30:45 2019...
