
*** Running vivado
    with args -log vga_fb_driver_80x60.vdi -applog -m64 -product Vivado -messageDb vivado.pb -mode batch -source vga_fb_driver_80x60.tcl -notrace


****** Vivado v2018.2 (64-bit)
  **** SW Build 2258646 on Thu Jun 14 20:03:12 MDT 2018
  **** IP Build 2256618 on Thu Jun 14 22:10:49 MDT 2018
    ** Copyright 1986-2018 Xilinx, Inc. All Rights Reserved.

source vga_fb_driver_80x60.tcl -notrace
Command: link_design -top vga_fb_driver_80x60 -part xc7a35tcpg236-1
Design is defaulting to srcset: sources_1
Design is defaulting to constrset: constrs_1
INFO: [Netlist 29-17] Analyzing 655 Unisim elements for replacement
INFO: [Netlist 29-28] Unisim Transformation completed in 0 CPU seconds
INFO: [Project 1-479] Netlist was created with Vivado 2018.2
INFO: [Device 21-403] Loading part xc7a35tcpg236-1
INFO: [Project 1-570] Preparing netlist for logic optimization
Parsing XDC File [C:/Users/willi/OneDrive/Documents/GitHub/CPE133MazeGame/AMAZEingGame.srcs/constrs_1/new/basys_3.xdc]
WARNING: [Vivado 12-584] No ports matched 'CLK'. [C:/Users/willi/OneDrive/Documents/GitHub/CPE133MazeGame/AMAZEingGame.srcs/constrs_1/new/basys_3.xdc:7]
CRITICAL WARNING: [Common 17-55] 'set_property' expects at least one object. [C:/Users/willi/OneDrive/Documents/GitHub/CPE133MazeGame/AMAZEingGame.srcs/constrs_1/new/basys_3.xdc:7]
Resolution: If [get_<value>] was used to populate the object, check to make sure this command returns at least one valid object.
WARNING: [Vivado 12-584] No ports matched 'CLK'. [C:/Users/willi/OneDrive/Documents/GitHub/CPE133MazeGame/AMAZEingGame.srcs/constrs_1/new/basys_3.xdc:8]
CRITICAL WARNING: [Common 17-55] 'set_property' expects at least one object. [C:/Users/willi/OneDrive/Documents/GitHub/CPE133MazeGame/AMAZEingGame.srcs/constrs_1/new/basys_3.xdc:8]
Resolution: If [get_<value>] was used to populate the object, check to make sure this command returns at least one valid object.
WARNING: [Vivado 12-584] No ports matched 'CLK'. [C:/Users/willi/OneDrive/Documents/GitHub/CPE133MazeGame/AMAZEingGame.srcs/constrs_1/new/basys_3.xdc:9]
CRITICAL WARNING: [Vivado 12-4739] create_clock:No valid object(s) found for '-objects [get_ports CLK]'. [C:/Users/willi/OneDrive/Documents/GitHub/CPE133MazeGame/AMAZEingGame.srcs/constrs_1/new/basys_3.xdc:9]
Resolution: Check if the specified object(s) exists in the current design. If it does, ensure that the correct design hierarchy was specified for the object. If you are working with clocks, make sure create_clock was used to create the clock object before it is referenced.
WARNING: [Vivado 12-584] No ports matched 'SWITCHES[0]'. [C:/Users/willi/OneDrive/Documents/GitHub/CPE133MazeGame/AMAZEingGame.srcs/constrs_1/new/basys_3.xdc:12]
CRITICAL WARNING: [Common 17-55] 'set_property' expects at least one object. [C:/Users/willi/OneDrive/Documents/GitHub/CPE133MazeGame/AMAZEingGame.srcs/constrs_1/new/basys_3.xdc:12]
Resolution: If [get_<value>] was used to populate the object, check to make sure this command returns at least one valid object.
WARNING: [Vivado 12-584] No ports matched 'SWITCHES[0]'. [C:/Users/willi/OneDrive/Documents/GitHub/CPE133MazeGame/AMAZEingGame.srcs/constrs_1/new/basys_3.xdc:13]
CRITICAL WARNING: [Common 17-55] 'set_property' expects at least one object. [C:/Users/willi/OneDrive/Documents/GitHub/CPE133MazeGame/AMAZEingGame.srcs/constrs_1/new/basys_3.xdc:13]
Resolution: If [get_<value>] was used to populate the object, check to make sure this command returns at least one valid object.
WARNING: [Vivado 12-584] No ports matched 'SWITCHES[1]'. [C:/Users/willi/OneDrive/Documents/GitHub/CPE133MazeGame/AMAZEingGame.srcs/constrs_1/new/basys_3.xdc:14]
CRITICAL WARNING: [Common 17-55] 'set_property' expects at least one object. [C:/Users/willi/OneDrive/Documents/GitHub/CPE133MazeGame/AMAZEingGame.srcs/constrs_1/new/basys_3.xdc:14]
Resolution: If [get_<value>] was used to populate the object, check to make sure this command returns at least one valid object.
WARNING: [Vivado 12-584] No ports matched 'SWITCHES[1]'. [C:/Users/willi/OneDrive/Documents/GitHub/CPE133MazeGame/AMAZEingGame.srcs/constrs_1/new/basys_3.xdc:15]
CRITICAL WARNING: [Common 17-55] 'set_property' expects at least one object. [C:/Users/willi/OneDrive/Documents/GitHub/CPE133MazeGame/AMAZEingGame.srcs/constrs_1/new/basys_3.xdc:15]
Resolution: If [get_<value>] was used to populate the object, check to make sure this command returns at least one valid object.
WARNING: [Vivado 12-584] No ports matched 'SWITCHES[2]'. [C:/Users/willi/OneDrive/Documents/GitHub/CPE133MazeGame/AMAZEingGame.srcs/constrs_1/new/basys_3.xdc:16]
CRITICAL WARNING: [Common 17-55] 'set_property' expects at least one object. [C:/Users/willi/OneDrive/Documents/GitHub/CPE133MazeGame/AMAZEingGame.srcs/constrs_1/new/basys_3.xdc:16]
Resolution: If [get_<value>] was used to populate the object, check to make sure this command returns at least one valid object.
WARNING: [Vivado 12-584] No ports matched 'SWITCHES[2]'. [C:/Users/willi/OneDrive/Documents/GitHub/CPE133MazeGame/AMAZEingGame.srcs/constrs_1/new/basys_3.xdc:17]
CRITICAL WARNING: [Common 17-55] 'set_property' expects at least one object. [C:/Users/willi/OneDrive/Documents/GitHub/CPE133MazeGame/AMAZEingGame.srcs/constrs_1/new/basys_3.xdc:17]
Resolution: If [get_<value>] was used to populate the object, check to make sure this command returns at least one valid object.
WARNING: [Vivado 12-584] No ports matched 'SWITCHES[3]'. [C:/Users/willi/OneDrive/Documents/GitHub/CPE133MazeGame/AMAZEingGame.srcs/constrs_1/new/basys_3.xdc:18]
CRITICAL WARNING: [Common 17-55] 'set_property' expects at least one object. [C:/Users/willi/OneDrive/Documents/GitHub/CPE133MazeGame/AMAZEingGame.srcs/constrs_1/new/basys_3.xdc:18]
Resolution: If [get_<value>] was used to populate the object, check to make sure this command returns at least one valid object.
WARNING: [Vivado 12-584] No ports matched 'SWITCHES[3]'. [C:/Users/willi/OneDrive/Documents/GitHub/CPE133MazeGame/AMAZEingGame.srcs/constrs_1/new/basys_3.xdc:19]
CRITICAL WARNING: [Common 17-55] 'set_property' expects at least one object. [C:/Users/willi/OneDrive/Documents/GitHub/CPE133MazeGame/AMAZEingGame.srcs/constrs_1/new/basys_3.xdc:19]
Resolution: If [get_<value>] was used to populate the object, check to make sure this command returns at least one valid object.
WARNING: [Vivado 12-584] No ports matched 'SWITCHES[4]'. [C:/Users/willi/OneDrive/Documents/GitHub/CPE133MazeGame/AMAZEingGame.srcs/constrs_1/new/basys_3.xdc:20]
CRITICAL WARNING: [Common 17-55] 'set_property' expects at least one object. [C:/Users/willi/OneDrive/Documents/GitHub/CPE133MazeGame/AMAZEingGame.srcs/constrs_1/new/basys_3.xdc:20]
Resolution: If [get_<value>] was used to populate the object, check to make sure this command returns at least one valid object.
WARNING: [Vivado 12-584] No ports matched 'SWITCHES[4]'. [C:/Users/willi/OneDrive/Documents/GitHub/CPE133MazeGame/AMAZEingGame.srcs/constrs_1/new/basys_3.xdc:21]
CRITICAL WARNING: [Common 17-55] 'set_property' expects at least one object. [C:/Users/willi/OneDrive/Documents/GitHub/CPE133MazeGame/AMAZEingGame.srcs/constrs_1/new/basys_3.xdc:21]
Resolution: If [get_<value>] was used to populate the object, check to make sure this command returns at least one valid object.
WARNING: [Vivado 12-584] No ports matched 'SWITCHES[5]'. [C:/Users/willi/OneDrive/Documents/GitHub/CPE133MazeGame/AMAZEingGame.srcs/constrs_1/new/basys_3.xdc:22]
CRITICAL WARNING: [Common 17-55] 'set_property' expects at least one object. [C:/Users/willi/OneDrive/Documents/GitHub/CPE133MazeGame/AMAZEingGame.srcs/constrs_1/new/basys_3.xdc:22]
Resolution: If [get_<value>] was used to populate the object, check to make sure this command returns at least one valid object.
WARNING: [Vivado 12-584] No ports matched 'SWITCHES[5]'. [C:/Users/willi/OneDrive/Documents/GitHub/CPE133MazeGame/AMAZEingGame.srcs/constrs_1/new/basys_3.xdc:23]
CRITICAL WARNING: [Common 17-55] 'set_property' expects at least one object. [C:/Users/willi/OneDrive/Documents/GitHub/CPE133MazeGame/AMAZEingGame.srcs/constrs_1/new/basys_3.xdc:23]
Resolution: If [get_<value>] was used to populate the object, check to make sure this command returns at least one valid object.
WARNING: [Vivado 12-584] No ports matched 'SWITCHES[6]'. [C:/Users/willi/OneDrive/Documents/GitHub/CPE133MazeGame/AMAZEingGame.srcs/constrs_1/new/basys_3.xdc:24]
CRITICAL WARNING: [Common 17-55] 'set_property' expects at least one object. [C:/Users/willi/OneDrive/Documents/GitHub/CPE133MazeGame/AMAZEingGame.srcs/constrs_1/new/basys_3.xdc:24]
Resolution: If [get_<value>] was used to populate the object, check to make sure this command returns at least one valid object.
WARNING: [Vivado 12-584] No ports matched 'SWITCHES[6]'. [C:/Users/willi/OneDrive/Documents/GitHub/CPE133MazeGame/AMAZEingGame.srcs/constrs_1/new/basys_3.xdc:25]
CRITICAL WARNING: [Common 17-55] 'set_property' expects at least one object. [C:/Users/willi/OneDrive/Documents/GitHub/CPE133MazeGame/AMAZEingGame.srcs/constrs_1/new/basys_3.xdc:25]
Resolution: If [get_<value>] was used to populate the object, check to make sure this command returns at least one valid object.
WARNING: [Vivado 12-584] No ports matched 'SWITCHES[7]'. [C:/Users/willi/OneDrive/Documents/GitHub/CPE133MazeGame/AMAZEingGame.srcs/constrs_1/new/basys_3.xdc:26]
CRITICAL WARNING: [Common 17-55] 'set_property' expects at least one object. [C:/Users/willi/OneDrive/Documents/GitHub/CPE133MazeGame/AMAZEingGame.srcs/constrs_1/new/basys_3.xdc:26]
Resolution: If [get_<value>] was used to populate the object, check to make sure this command returns at least one valid object.
WARNING: [Vivado 12-584] No ports matched 'SWITCHES[7]'. [C:/Users/willi/OneDrive/Documents/GitHub/CPE133MazeGame/AMAZEingGame.srcs/constrs_1/new/basys_3.xdc:27]
CRITICAL WARNING: [Common 17-55] 'set_property' expects at least one object. [C:/Users/willi/OneDrive/Documents/GitHub/CPE133MazeGame/AMAZEingGame.srcs/constrs_1/new/basys_3.xdc:27]
Resolution: If [get_<value>] was used to populate the object, check to make sure this command returns at least one valid object.
WARNING: [Vivado 12-584] No ports matched 'SWITCHES[8]'. [C:/Users/willi/OneDrive/Documents/GitHub/CPE133MazeGame/AMAZEingGame.srcs/constrs_1/new/basys_3.xdc:28]
CRITICAL WARNING: [Common 17-55] 'set_property' expects at least one object. [C:/Users/willi/OneDrive/Documents/GitHub/CPE133MazeGame/AMAZEingGame.srcs/constrs_1/new/basys_3.xdc:28]
Resolution: If [get_<value>] was used to populate the object, check to make sure this command returns at least one valid object.
WARNING: [Vivado 12-584] No ports matched 'SWITCHES[8]'. [C:/Users/willi/OneDrive/Documents/GitHub/CPE133MazeGame/AMAZEingGame.srcs/constrs_1/new/basys_3.xdc:29]
CRITICAL WARNING: [Common 17-55] 'set_property' expects at least one object. [C:/Users/willi/OneDrive/Documents/GitHub/CPE133MazeGame/AMAZEingGame.srcs/constrs_1/new/basys_3.xdc:29]
Resolution: If [get_<value>] was used to populate the object, check to make sure this command returns at least one valid object.
WARNING: [Vivado 12-584] No ports matched 'SWITCHES[9]'. [C:/Users/willi/OneDrive/Documents/GitHub/CPE133MazeGame/AMAZEingGame.srcs/constrs_1/new/basys_3.xdc:30]
CRITICAL WARNING: [Common 17-55] 'set_property' expects at least one object. [C:/Users/willi/OneDrive/Documents/GitHub/CPE133MazeGame/AMAZEingGame.srcs/constrs_1/new/basys_3.xdc:30]
Resolution: If [get_<value>] was used to populate the object, check to make sure this command returns at least one valid object.
WARNING: [Vivado 12-584] No ports matched 'SWITCHES[9]'. [C:/Users/willi/OneDrive/Documents/GitHub/CPE133MazeGame/AMAZEingGame.srcs/constrs_1/new/basys_3.xdc:31]
CRITICAL WARNING: [Common 17-55] 'set_property' expects at least one object. [C:/Users/willi/OneDrive/Documents/GitHub/CPE133MazeGame/AMAZEingGame.srcs/constrs_1/new/basys_3.xdc:31]
Resolution: If [get_<value>] was used to populate the object, check to make sure this command returns at least one valid object.
WARNING: [Vivado 12-584] No ports matched 'SWITCHES[10]'. [C:/Users/willi/OneDrive/Documents/GitHub/CPE133MazeGame/AMAZEingGame.srcs/constrs_1/new/basys_3.xdc:32]
CRITICAL WARNING: [Common 17-55] 'set_property' expects at least one object. [C:/Users/willi/OneDrive/Documents/GitHub/CPE133MazeGame/AMAZEingGame.srcs/constrs_1/new/basys_3.xdc:32]
Resolution: If [get_<value>] was used to populate the object, check to make sure this command returns at least one valid object.
WARNING: [Vivado 12-584] No ports matched 'SWITCHES[10]'. [C:/Users/willi/OneDrive/Documents/GitHub/CPE133MazeGame/AMAZEingGame.srcs/constrs_1/new/basys_3.xdc:33]
CRITICAL WARNING: [Common 17-55] 'set_property' expects at least one object. [C:/Users/willi/OneDrive/Documents/GitHub/CPE133MazeGame/AMAZEingGame.srcs/constrs_1/new/basys_3.xdc:33]
Resolution: If [get_<value>] was used to populate the object, check to make sure this command returns at least one valid object.
WARNING: [Vivado 12-584] No ports matched 'SWITCHES[11]'. [C:/Users/willi/OneDrive/Documents/GitHub/CPE133MazeGame/AMAZEingGame.srcs/constrs_1/new/basys_3.xdc:34]
CRITICAL WARNING: [Common 17-55] 'set_property' expects at least one object. [C:/Users/willi/OneDrive/Documents/GitHub/CPE133MazeGame/AMAZEingGame.srcs/constrs_1/new/basys_3.xdc:34]
Resolution: If [get_<value>] was used to populate the object, check to make sure this command returns at least one valid object.
WARNING: [Vivado 12-584] No ports matched 'SWITCHES[11]'. [C:/Users/willi/OneDrive/Documents/GitHub/CPE133MazeGame/AMAZEingGame.srcs/constrs_1/new/basys_3.xdc:35]
CRITICAL WARNING: [Common 17-55] 'set_property' expects at least one object. [C:/Users/willi/OneDrive/Documents/GitHub/CPE133MazeGame/AMAZEingGame.srcs/constrs_1/new/basys_3.xdc:35]
Resolution: If [get_<value>] was used to populate the object, check to make sure this command returns at least one valid object.
WARNING: [Vivado 12-584] No ports matched 'SWITCHES[12]'. [C:/Users/willi/OneDrive/Documents/GitHub/CPE133MazeGame/AMAZEingGame.srcs/constrs_1/new/basys_3.xdc:36]
CRITICAL WARNING: [Common 17-55] 'set_property' expects at least one object. [C:/Users/willi/OneDrive/Documents/GitHub/CPE133MazeGame/AMAZEingGame.srcs/constrs_1/new/basys_3.xdc:36]
Resolution: If [get_<value>] was used to populate the object, check to make sure this command returns at least one valid object.
WARNING: [Vivado 12-584] No ports matched 'SWITCHES[12]'. [C:/Users/willi/OneDrive/Documents/GitHub/CPE133MazeGame/AMAZEingGame.srcs/constrs_1/new/basys_3.xdc:37]
CRITICAL WARNING: [Common 17-55] 'set_property' expects at least one object. [C:/Users/willi/OneDrive/Documents/GitHub/CPE133MazeGame/AMAZEingGame.srcs/constrs_1/new/basys_3.xdc:37]
Resolution: If [get_<value>] was used to populate the object, check to make sure this command returns at least one valid object.
WARNING: [Vivado 12-584] No ports matched 'SWITCHES[13]'. [C:/Users/willi/OneDrive/Documents/GitHub/CPE133MazeGame/AMAZEingGame.srcs/constrs_1/new/basys_3.xdc:38]
CRITICAL WARNING: [Common 17-55] 'set_property' expects at least one object. [C:/Users/willi/OneDrive/Documents/GitHub/CPE133MazeGame/AMAZEingGame.srcs/constrs_1/new/basys_3.xdc:38]
Resolution: If [get_<value>] was used to populate the object, check to make sure this command returns at least one valid object.
WARNING: [Vivado 12-584] No ports matched 'SWITCHES[13]'. [C:/Users/willi/OneDrive/Documents/GitHub/CPE133MazeGame/AMAZEingGame.srcs/constrs_1/new/basys_3.xdc:39]
CRITICAL WARNING: [Common 17-55] 'set_property' expects at least one object. [C:/Users/willi/OneDrive/Documents/GitHub/CPE133MazeGame/AMAZEingGame.srcs/constrs_1/new/basys_3.xdc:39]
Resolution: If [get_<value>] was used to populate the object, check to make sure this command returns at least one valid object.
WARNING: [Vivado 12-584] No ports matched 'SWITCHES[14]'. [C:/Users/willi/OneDrive/Documents/GitHub/CPE133MazeGame/AMAZEingGame.srcs/constrs_1/new/basys_3.xdc:40]
CRITICAL WARNING: [Common 17-55] 'set_property' expects at least one object. [C:/Users/willi/OneDrive/Documents/GitHub/CPE133MazeGame/AMAZEingGame.srcs/constrs_1/new/basys_3.xdc:40]
Resolution: If [get_<value>] was used to populate the object, check to make sure this command returns at least one valid object.
WARNING: [Vivado 12-584] No ports matched 'SWITCHES[14]'. [C:/Users/willi/OneDrive/Documents/GitHub/CPE133MazeGame/AMAZEingGame.srcs/constrs_1/new/basys_3.xdc:41]
CRITICAL WARNING: [Common 17-55] 'set_property' expects at least one object. [C:/Users/willi/OneDrive/Documents/GitHub/CPE133MazeGame/AMAZEingGame.srcs/constrs_1/new/basys_3.xdc:41]
Resolution: If [get_<value>] was used to populate the object, check to make sure this command returns at least one valid object.
WARNING: [Vivado 12-584] No ports matched 'SWITCHES[15]'. [C:/Users/willi/OneDrive/Documents/GitHub/CPE133MazeGame/AMAZEingGame.srcs/constrs_1/new/basys_3.xdc:42]
CRITICAL WARNING: [Common 17-55] 'set_property' expects at least one object. [C:/Users/willi/OneDrive/Documents/GitHub/CPE133MazeGame/AMAZEingGame.srcs/constrs_1/new/basys_3.xdc:42]
Resolution: If [get_<value>] was used to populate the object, check to make sure this command returns at least one valid object.
WARNING: [Vivado 12-584] No ports matched 'SWITCHES[15]'. [C:/Users/willi/OneDrive/Documents/GitHub/CPE133MazeGame/AMAZEingGame.srcs/constrs_1/new/basys_3.xdc:43]
CRITICAL WARNING: [Common 17-55] 'set_property' expects at least one object. [C:/Users/willi/OneDrive/Documents/GitHub/CPE133MazeGame/AMAZEingGame.srcs/constrs_1/new/basys_3.xdc:43]
Resolution: If [get_<value>] was used to populate the object, check to make sure this command returns at least one valid object.
WARNING: [Vivado 12-584] No ports matched 'LEDS[0]'. [C:/Users/willi/OneDrive/Documents/GitHub/CPE133MazeGame/AMAZEingGame.srcs/constrs_1/new/basys_3.xdc:47]
CRITICAL WARNING: [Common 17-55] 'set_property' expects at least one object. [C:/Users/willi/OneDrive/Documents/GitHub/CPE133MazeGame/AMAZEingGame.srcs/constrs_1/new/basys_3.xdc:47]
Resolution: If [get_<value>] was used to populate the object, check to make sure this command returns at least one valid object.
WARNING: [Vivado 12-584] No ports matched 'LEDS[0]'. [C:/Users/willi/OneDrive/Documents/GitHub/CPE133MazeGame/AMAZEingGame.srcs/constrs_1/new/basys_3.xdc:48]
CRITICAL WARNING: [Common 17-55] 'set_property' expects at least one object. [C:/Users/willi/OneDrive/Documents/GitHub/CPE133MazeGame/AMAZEingGame.srcs/constrs_1/new/basys_3.xdc:48]
Resolution: If [get_<value>] was used to populate the object, check to make sure this command returns at least one valid object.
WARNING: [Vivado 12-584] No ports matched 'LEDS[1]'. [C:/Users/willi/OneDrive/Documents/GitHub/CPE133MazeGame/AMAZEingGame.srcs/constrs_1/new/basys_3.xdc:49]
CRITICAL WARNING: [Common 17-55] 'set_property' expects at least one object. [C:/Users/willi/OneDrive/Documents/GitHub/CPE133MazeGame/AMAZEingGame.srcs/constrs_1/new/basys_3.xdc:49]
Resolution: If [get_<value>] was used to populate the object, check to make sure this command returns at least one valid object.
WARNING: [Vivado 12-584] No ports matched 'LEDS[1]'. [C:/Users/willi/OneDrive/Documents/GitHub/CPE133MazeGame/AMAZEingGame.srcs/constrs_1/new/basys_3.xdc:50]
CRITICAL WARNING: [Common 17-55] 'set_property' expects at least one object. [C:/Users/willi/OneDrive/Documents/GitHub/CPE133MazeGame/AMAZEingGame.srcs/constrs_1/new/basys_3.xdc:50]
Resolution: If [get_<value>] was used to populate the object, check to make sure this command returns at least one valid object.
WARNING: [Vivado 12-584] No ports matched 'LEDS[2]'. [C:/Users/willi/OneDrive/Documents/GitHub/CPE133MazeGame/AMAZEingGame.srcs/constrs_1/new/basys_3.xdc:51]
CRITICAL WARNING: [Common 17-55] 'set_property' expects at least one object. [C:/Users/willi/OneDrive/Documents/GitHub/CPE133MazeGame/AMAZEingGame.srcs/constrs_1/new/basys_3.xdc:51]
Resolution: If [get_<value>] was used to populate the object, check to make sure this command returns at least one valid object.
WARNING: [Vivado 12-584] No ports matched 'LEDS[2]'. [C:/Users/willi/OneDrive/Documents/GitHub/CPE133MazeGame/AMAZEingGame.srcs/constrs_1/new/basys_3.xdc:52]
CRITICAL WARNING: [Common 17-55] 'set_property' expects at least one object. [C:/Users/willi/OneDrive/Documents/GitHub/CPE133MazeGame/AMAZEingGame.srcs/constrs_1/new/basys_3.xdc:52]
Resolution: If [get_<value>] was used to populate the object, check to make sure this command returns at least one valid object.
WARNING: [Vivado 12-584] No ports matched 'LEDS[3]'. [C:/Users/willi/OneDrive/Documents/GitHub/CPE133MazeGame/AMAZEingGame.srcs/constrs_1/new/basys_3.xdc:53]
CRITICAL WARNING: [Common 17-55] 'set_property' expects at least one object. [C:/Users/willi/OneDrive/Documents/GitHub/CPE133MazeGame/AMAZEingGame.srcs/constrs_1/new/basys_3.xdc:53]
Resolution: If [get_<value>] was used to populate the object, check to make sure this command returns at least one valid object.
WARNING: [Vivado 12-584] No ports matched 'LEDS[3]'. [C:/Users/willi/OneDrive/Documents/GitHub/CPE133MazeGame/AMAZEingGame.srcs/constrs_1/new/basys_3.xdc:54]
CRITICAL WARNING: [Common 17-55] 'set_property' expects at least one object. [C:/Users/willi/OneDrive/Documents/GitHub/CPE133MazeGame/AMAZEingGame.srcs/constrs_1/new/basys_3.xdc:54]
Resolution: If [get_<value>] was used to populate the object, check to make sure this command returns at least one valid object.
WARNING: [Vivado 12-584] No ports matched 'LEDS[4]'. [C:/Users/willi/OneDrive/Documents/GitHub/CPE133MazeGame/AMAZEingGame.srcs/constrs_1/new/basys_3.xdc:55]
CRITICAL WARNING: [Common 17-55] 'set_property' expects at least one object. [C:/Users/willi/OneDrive/Documents/GitHub/CPE133MazeGame/AMAZEingGame.srcs/constrs_1/new/basys_3.xdc:55]
Resolution: If [get_<value>] was used to populate the object, check to make sure this command returns at least one valid object.
WARNING: [Vivado 12-584] No ports matched 'LEDS[4]'. [C:/Users/willi/OneDrive/Documents/GitHub/CPE133MazeGame/AMAZEingGame.srcs/constrs_1/new/basys_3.xdc:56]
CRITICAL WARNING: [Common 17-55] 'set_property' expects at least one object. [C:/Users/willi/OneDrive/Documents/GitHub/CPE133MazeGame/AMAZEingGame.srcs/constrs_1/new/basys_3.xdc:56]
Resolution: If [get_<value>] was used to populate the object, check to make sure this command returns at least one valid object.
WARNING: [Vivado 12-584] No ports matched 'LEDS[5]'. [C:/Users/willi/OneDrive/Documents/GitHub/CPE133MazeGame/AMAZEingGame.srcs/constrs_1/new/basys_3.xdc:57]
CRITICAL WARNING: [Common 17-55] 'set_property' expects at least one object. [C:/Users/willi/OneDrive/Documents/GitHub/CPE133MazeGame/AMAZEingGame.srcs/constrs_1/new/basys_3.xdc:57]
Resolution: If [get_<value>] was used to populate the object, check to make sure this command returns at least one valid object.
WARNING: [Vivado 12-584] No ports matched 'LEDS[5]'. [C:/Users/willi/OneDrive/Documents/GitHub/CPE133MazeGame/AMAZEingGame.srcs/constrs_1/new/basys_3.xdc:58]
CRITICAL WARNING: [Common 17-55] 'set_property' expects at least one object. [C:/Users/willi/OneDrive/Documents/GitHub/CPE133MazeGame/AMAZEingGame.srcs/constrs_1/new/basys_3.xdc:58]
Resolution: If [get_<value>] was used to populate the object, check to make sure this command returns at least one valid object.
WARNING: [Vivado 12-584] No ports matched 'LEDS[6]'. [C:/Users/willi/OneDrive/Documents/GitHub/CPE133MazeGame/AMAZEingGame.srcs/constrs_1/new/basys_3.xdc:59]
CRITICAL WARNING: [Common 17-55] 'set_property' expects at least one object. [C:/Users/willi/OneDrive/Documents/GitHub/CPE133MazeGame/AMAZEingGame.srcs/constrs_1/new/basys_3.xdc:59]
Resolution: If [get_<value>] was used to populate the object, check to make sure this command returns at least one valid object.
WARNING: [Vivado 12-584] No ports matched 'LEDS[6]'. [C:/Users/willi/OneDrive/Documents/GitHub/CPE133MazeGame/AMAZEingGame.srcs/constrs_1/new/basys_3.xdc:60]
CRITICAL WARNING: [Common 17-55] 'set_property' expects at least one object. [C:/Users/willi/OneDrive/Documents/GitHub/CPE133MazeGame/AMAZEingGame.srcs/constrs_1/new/basys_3.xdc:60]
Resolution: If [get_<value>] was used to populate the object, check to make sure this command returns at least one valid object.
WARNING: [Vivado 12-584] No ports matched 'LEDS[7]'. [C:/Users/willi/OneDrive/Documents/GitHub/CPE133MazeGame/AMAZEingGame.srcs/constrs_1/new/basys_3.xdc:61]
CRITICAL WARNING: [Common 17-55] 'set_property' expects at least one object. [C:/Users/willi/OneDrive/Documents/GitHub/CPE133MazeGame/AMAZEingGame.srcs/constrs_1/new/basys_3.xdc:61]
Resolution: If [get_<value>] was used to populate the object, check to make sure this command returns at least one valid object.
WARNING: [Vivado 12-584] No ports matched 'LEDS[7]'. [C:/Users/willi/OneDrive/Documents/GitHub/CPE133MazeGame/AMAZEingGame.srcs/constrs_1/new/basys_3.xdc:62]
CRITICAL WARNING: [Common 17-55] 'set_property' expects at least one object. [C:/Users/willi/OneDrive/Documents/GitHub/CPE133MazeGame/AMAZEingGame.srcs/constrs_1/new/basys_3.xdc:62]
Resolution: If [get_<value>] was used to populate the object, check to make sure this command returns at least one valid object.
WARNING: [Vivado 12-584] No ports matched 'LEDS[8]'. [C:/Users/willi/OneDrive/Documents/GitHub/CPE133MazeGame/AMAZEingGame.srcs/constrs_1/new/basys_3.xdc:63]
CRITICAL WARNING: [Common 17-55] 'set_property' expects at least one object. [C:/Users/willi/OneDrive/Documents/GitHub/CPE133MazeGame/AMAZEingGame.srcs/constrs_1/new/basys_3.xdc:63]
Resolution: If [get_<value>] was used to populate the object, check to make sure this command returns at least one valid object.
WARNING: [Vivado 12-584] No ports matched 'LEDS[8]'. [C:/Users/willi/OneDrive/Documents/GitHub/CPE133MazeGame/AMAZEingGame.srcs/constrs_1/new/basys_3.xdc:64]
CRITICAL WARNING: [Common 17-55] 'set_property' expects at least one object. [C:/Users/willi/OneDrive/Documents/GitHub/CPE133MazeGame/AMAZEingGame.srcs/constrs_1/new/basys_3.xdc:64]
Resolution: If [get_<value>] was used to populate the object, check to make sure this command returns at least one valid object.
WARNING: [Vivado 12-584] No ports matched 'LEDS[9]'. [C:/Users/willi/OneDrive/Documents/GitHub/CPE133MazeGame/AMAZEingGame.srcs/constrs_1/new/basys_3.xdc:65]
CRITICAL WARNING: [Common 17-55] 'set_property' expects at least one object. [C:/Users/willi/OneDrive/Documents/GitHub/CPE133MazeGame/AMAZEingGame.srcs/constrs_1/new/basys_3.xdc:65]
Resolution: If [get_<value>] was used to populate the object, check to make sure this command returns at least one valid object.
WARNING: [Vivado 12-584] No ports matched 'LEDS[9]'. [C:/Users/willi/OneDrive/Documents/GitHub/CPE133MazeGame/AMAZEingGame.srcs/constrs_1/new/basys_3.xdc:66]
CRITICAL WARNING: [Common 17-55] 'set_property' expects at least one object. [C:/Users/willi/OneDrive/Documents/GitHub/CPE133MazeGame/AMAZEingGame.srcs/constrs_1/new/basys_3.xdc:66]
Resolution: If [get_<value>] was used to populate the object, check to make sure this command returns at least one valid object.
WARNING: [Vivado 12-584] No ports matched 'LEDS[10]'. [C:/Users/willi/OneDrive/Documents/GitHub/CPE133MazeGame/AMAZEingGame.srcs/constrs_1/new/basys_3.xdc:67]
CRITICAL WARNING: [Common 17-55] 'set_property' expects at least one object. [C:/Users/willi/OneDrive/Documents/GitHub/CPE133MazeGame/AMAZEingGame.srcs/constrs_1/new/basys_3.xdc:67]
Resolution: If [get_<value>] was used to populate the object, check to make sure this command returns at least one valid object.
WARNING: [Vivado 12-584] No ports matched 'LEDS[10]'. [C:/Users/willi/OneDrive/Documents/GitHub/CPE133MazeGame/AMAZEingGame.srcs/constrs_1/new/basys_3.xdc:68]
CRITICAL WARNING: [Common 17-55] 'set_property' expects at least one object. [C:/Users/willi/OneDrive/Documents/GitHub/CPE133MazeGame/AMAZEingGame.srcs/constrs_1/new/basys_3.xdc:68]
Resolution: If [get_<value>] was used to populate the object, check to make sure this command returns at least one valid object.
WARNING: [Vivado 12-584] No ports matched 'LEDS[11]'. [C:/Users/willi/OneDrive/Documents/GitHub/CPE133MazeGame/AMAZEingGame.srcs/constrs_1/new/basys_3.xdc:69]
CRITICAL WARNING: [Common 17-55] 'set_property' expects at least one object. [C:/Users/willi/OneDrive/Documents/GitHub/CPE133MazeGame/AMAZEingGame.srcs/constrs_1/new/basys_3.xdc:69]
Resolution: If [get_<value>] was used to populate the object, check to make sure this command returns at least one valid object.
WARNING: [Vivado 12-584] No ports matched 'LEDS[11]'. [C:/Users/willi/OneDrive/Documents/GitHub/CPE133MazeGame/AMAZEingGame.srcs/constrs_1/new/basys_3.xdc:70]
CRITICAL WARNING: [Common 17-55] 'set_property' expects at least one object. [C:/Users/willi/OneDrive/Documents/GitHub/CPE133MazeGame/AMAZEingGame.srcs/constrs_1/new/basys_3.xdc:70]
Resolution: If [get_<value>] was used to populate the object, check to make sure this command returns at least one valid object.
WARNING: [Vivado 12-584] No ports matched 'LEDS[12]'. [C:/Users/willi/OneDrive/Documents/GitHub/CPE133MazeGame/AMAZEingGame.srcs/constrs_1/new/basys_3.xdc:71]
CRITICAL WARNING: [Common 17-55] 'set_property' expects at least one object. [C:/Users/willi/OneDrive/Documents/GitHub/CPE133MazeGame/AMAZEingGame.srcs/constrs_1/new/basys_3.xdc:71]
Resolution: If [get_<value>] was used to populate the object, check to make sure this command returns at least one valid object.
WARNING: [Vivado 12-584] No ports matched 'LEDS[12]'. [C:/Users/willi/OneDrive/Documents/GitHub/CPE133MazeGame/AMAZEingGame.srcs/constrs_1/new/basys_3.xdc:72]
CRITICAL WARNING: [Common 17-55] 'set_property' expects at least one object. [C:/Users/willi/OneDrive/Documents/GitHub/CPE133MazeGame/AMAZEingGame.srcs/constrs_1/new/basys_3.xdc:72]
Resolution: If [get_<value>] was used to populate the object, check to make sure this command returns at least one valid object.
WARNING: [Vivado 12-584] No ports matched 'LEDS[13]'. [C:/Users/willi/OneDrive/Documents/GitHub/CPE133MazeGame/AMAZEingGame.srcs/constrs_1/new/basys_3.xdc:73]
CRITICAL WARNING: [Common 17-55] 'set_property' expects at least one object. [C:/Users/willi/OneDrive/Documents/GitHub/CPE133MazeGame/AMAZEingGame.srcs/constrs_1/new/basys_3.xdc:73]
Resolution: If [get_<value>] was used to populate the object, check to make sure this command returns at least one valid object.
WARNING: [Vivado 12-584] No ports matched 'LEDS[13]'. [C:/Users/willi/OneDrive/Documents/GitHub/CPE133MazeGame/AMAZEingGame.srcs/constrs_1/new/basys_3.xdc:74]
CRITICAL WARNING: [Common 17-55] 'set_property' expects at least one object. [C:/Users/willi/OneDrive/Documents/GitHub/CPE133MazeGame/AMAZEingGame.srcs/constrs_1/new/basys_3.xdc:74]
Resolution: If [get_<value>] was used to populate the object, check to make sure this command returns at least one valid object.
WARNING: [Vivado 12-584] No ports matched 'LEDS[14]'. [C:/Users/willi/OneDrive/Documents/GitHub/CPE133MazeGame/AMAZEingGame.srcs/constrs_1/new/basys_3.xdc:75]
CRITICAL WARNING: [Common 17-55] 'set_property' expects at least one object. [C:/Users/willi/OneDrive/Documents/GitHub/CPE133MazeGame/AMAZEingGame.srcs/constrs_1/new/basys_3.xdc:75]
Resolution: If [get_<value>] was used to populate the object, check to make sure this command returns at least one valid object.
WARNING: [Vivado 12-584] No ports matched 'LEDS[14]'. [C:/Users/willi/OneDrive/Documents/GitHub/CPE133MazeGame/AMAZEingGame.srcs/constrs_1/new/basys_3.xdc:76]
CRITICAL WARNING: [Common 17-55] 'set_property' expects at least one object. [C:/Users/willi/OneDrive/Documents/GitHub/CPE133MazeGame/AMAZEingGame.srcs/constrs_1/new/basys_3.xdc:76]
Resolution: If [get_<value>] was used to populate the object, check to make sure this command returns at least one valid object.
WARNING: [Vivado 12-584] No ports matched 'LEDS[15]'. [C:/Users/willi/OneDrive/Documents/GitHub/CPE133MazeGame/AMAZEingGame.srcs/constrs_1/new/basys_3.xdc:77]
CRITICAL WARNING: [Common 17-55] 'set_property' expects at least one object. [C:/Users/willi/OneDrive/Documents/GitHub/CPE133MazeGame/AMAZEingGame.srcs/constrs_1/new/basys_3.xdc:77]
Resolution: If [get_<value>] was used to populate the object, check to make sure this command returns at least one valid object.
WARNING: [Vivado 12-584] No ports matched 'LEDS[15]'. [C:/Users/willi/OneDrive/Documents/GitHub/CPE133MazeGame/AMAZEingGame.srcs/constrs_1/new/basys_3.xdc:78]
CRITICAL WARNING: [Common 17-55] 'set_property' expects at least one object. [C:/Users/willi/OneDrive/Documents/GitHub/CPE133MazeGame/AMAZEingGame.srcs/constrs_1/new/basys_3.xdc:78]
Resolution: If [get_<value>] was used to populate the object, check to make sure this command returns at least one valid object.
WARNING: [Vivado 12-584] No ports matched 'CATHODES[6]'. [C:/Users/willi/OneDrive/Documents/GitHub/CPE133MazeGame/AMAZEingGame.srcs/constrs_1/new/basys_3.xdc:82]
CRITICAL WARNING: [Common 17-55] 'set_property' expects at least one object. [C:/Users/willi/OneDrive/Documents/GitHub/CPE133MazeGame/AMAZEingGame.srcs/constrs_1/new/basys_3.xdc:82]
Resolution: If [get_<value>] was used to populate the object, check to make sure this command returns at least one valid object.
WARNING: [Vivado 12-584] No ports matched 'CATHODES[6]'. [C:/Users/willi/OneDrive/Documents/GitHub/CPE133MazeGame/AMAZEingGame.srcs/constrs_1/new/basys_3.xdc:83]
CRITICAL WARNING: [Common 17-55] 'set_property' expects at least one object. [C:/Users/willi/OneDrive/Documents/GitHub/CPE133MazeGame/AMAZEingGame.srcs/constrs_1/new/basys_3.xdc:83]
Resolution: If [get_<value>] was used to populate the object, check to make sure this command returns at least one valid object.
WARNING: [Vivado 12-584] No ports matched 'CATHODES[5]'. [C:/Users/willi/OneDrive/Documents/GitHub/CPE133MazeGame/AMAZEingGame.srcs/constrs_1/new/basys_3.xdc:84]
CRITICAL WARNING: [Common 17-55] 'set_property' expects at least one object. [C:/Users/willi/OneDrive/Documents/GitHub/CPE133MazeGame/AMAZEingGame.srcs/constrs_1/new/basys_3.xdc:84]
Resolution: If [get_<value>] was used to populate the object, check to make sure this command returns at least one valid object.
WARNING: [Vivado 12-584] No ports matched 'CATHODES[5]'. [C:/Users/willi/OneDrive/Documents/GitHub/CPE133MazeGame/AMAZEingGame.srcs/constrs_1/new/basys_3.xdc:85]
CRITICAL WARNING: [Common 17-55] 'set_property' expects at least one object. [C:/Users/willi/OneDrive/Documents/GitHub/CPE133MazeGame/AMAZEingGame.srcs/constrs_1/new/basys_3.xdc:85]
Resolution: If [get_<value>] was used to populate the object, check to make sure this command returns at least one valid object.
WARNING: [Vivado 12-584] No ports matched 'CATHODES[4]'. [C:/Users/willi/OneDrive/Documents/GitHub/CPE133MazeGame/AMAZEingGame.srcs/constrs_1/new/basys_3.xdc:86]
CRITICAL WARNING: [Common 17-55] 'set_property' expects at least one object. [C:/Users/willi/OneDrive/Documents/GitHub/CPE133MazeGame/AMAZEingGame.srcs/constrs_1/new/basys_3.xdc:86]
Resolution: If [get_<value>] was used to populate the object, check to make sure this command returns at least one valid object.
WARNING: [Vivado 12-584] No ports matched 'CATHODES[4]'. [C:/Users/willi/OneDrive/Documents/GitHub/CPE133MazeGame/AMAZEingGame.srcs/constrs_1/new/basys_3.xdc:87]
CRITICAL WARNING: [Common 17-55] 'set_property' expects at least one object. [C:/Users/willi/OneDrive/Documents/GitHub/CPE133MazeGame/AMAZEingGame.srcs/constrs_1/new/basys_3.xdc:87]
Resolution: If [get_<value>] was used to populate the object, check to make sure this command returns at least one valid object.
WARNING: [Vivado 12-584] No ports matched 'CATHODES[3]'. [C:/Users/willi/OneDrive/Documents/GitHub/CPE133MazeGame/AMAZEingGame.srcs/constrs_1/new/basys_3.xdc:88]
CRITICAL WARNING: [Common 17-55] 'set_property' expects at least one object. [C:/Users/willi/OneDrive/Documents/GitHub/CPE133MazeGame/AMAZEingGame.srcs/constrs_1/new/basys_3.xdc:88]
Resolution: If [get_<value>] was used to populate the object, check to make sure this command returns at least one valid object.
WARNING: [Vivado 12-584] No ports matched 'CATHODES[3]'. [C:/Users/willi/OneDrive/Documents/GitHub/CPE133MazeGame/AMAZEingGame.srcs/constrs_1/new/basys_3.xdc:89]
CRITICAL WARNING: [Common 17-55] 'set_property' expects at least one object. [C:/Users/willi/OneDrive/Documents/GitHub/CPE133MazeGame/AMAZEingGame.srcs/constrs_1/new/basys_3.xdc:89]
Resolution: If [get_<value>] was used to populate the object, check to make sure this command returns at least one valid object.
WARNING: [Vivado 12-584] No ports matched 'CATHODES[2]'. [C:/Users/willi/OneDrive/Documents/GitHub/CPE133MazeGame/AMAZEingGame.srcs/constrs_1/new/basys_3.xdc:90]
CRITICAL WARNING: [Common 17-55] 'set_property' expects at least one object. [C:/Users/willi/OneDrive/Documents/GitHub/CPE133MazeGame/AMAZEingGame.srcs/constrs_1/new/basys_3.xdc:90]
Resolution: If [get_<value>] was used to populate the object, check to make sure this command returns at least one valid object.
WARNING: [Vivado 12-584] No ports matched 'CATHODES[2]'. [C:/Users/willi/OneDrive/Documents/GitHub/CPE133MazeGame/AMAZEingGame.srcs/constrs_1/new/basys_3.xdc:91]
CRITICAL WARNING: [Common 17-55] 'set_property' expects at least one object. [C:/Users/willi/OneDrive/Documents/GitHub/CPE133MazeGame/AMAZEingGame.srcs/constrs_1/new/basys_3.xdc:91]
Resolution: If [get_<value>] was used to populate the object, check to make sure this command returns at least one valid object.
WARNING: [Vivado 12-584] No ports matched 'CATHODES[1]'. [C:/Users/willi/OneDrive/Documents/GitHub/CPE133MazeGame/AMAZEingGame.srcs/constrs_1/new/basys_3.xdc:92]
CRITICAL WARNING: [Common 17-55] 'set_property' expects at least one object. [C:/Users/willi/OneDrive/Documents/GitHub/CPE133MazeGame/AMAZEingGame.srcs/constrs_1/new/basys_3.xdc:92]
Resolution: If [get_<value>] was used to populate the object, check to make sure this command returns at least one valid object.
WARNING: [Vivado 12-584] No ports matched 'CATHODES[1]'. [C:/Users/willi/OneDrive/Documents/GitHub/CPE133MazeGame/AMAZEingGame.srcs/constrs_1/new/basys_3.xdc:93]
CRITICAL WARNING: [Common 17-55] 'set_property' expects at least one object. [C:/Users/willi/OneDrive/Documents/GitHub/CPE133MazeGame/AMAZEingGame.srcs/constrs_1/new/basys_3.xdc:93]
Resolution: If [get_<value>] was used to populate the object, check to make sure this command returns at least one valid object.
WARNING: [Vivado 12-584] No ports matched 'CATHODES[0]'. [C:/Users/willi/OneDrive/Documents/GitHub/CPE133MazeGame/AMAZEingGame.srcs/constrs_1/new/basys_3.xdc:94]
CRITICAL WARNING: [Common 17-55] 'set_property' expects at least one object. [C:/Users/willi/OneDrive/Documents/GitHub/CPE133MazeGame/AMAZEingGame.srcs/constrs_1/new/basys_3.xdc:94]
Resolution: If [get_<value>] was used to populate the object, check to make sure this command returns at least one valid object.
WARNING: [Vivado 12-584] No ports matched 'CATHODES[0]'. [C:/Users/willi/OneDrive/Documents/GitHub/CPE133MazeGame/AMAZEingGame.srcs/constrs_1/new/basys_3.xdc:95]
CRITICAL WARNING: [Common 17-55] 'set_property' expects at least one object. [C:/Users/willi/OneDrive/Documents/GitHub/CPE133MazeGame/AMAZEingGame.srcs/constrs_1/new/basys_3.xdc:95]
Resolution: If [get_<value>] was used to populate the object, check to make sure this command returns at least one valid object.
WARNING: [Vivado 12-584] No ports matched 'CATHODES[7]'. [C:/Users/willi/OneDrive/Documents/GitHub/CPE133MazeGame/AMAZEingGame.srcs/constrs_1/new/basys_3.xdc:97]
CRITICAL WARNING: [Common 17-55] 'set_property' expects at least one object. [C:/Users/willi/OneDrive/Documents/GitHub/CPE133MazeGame/AMAZEingGame.srcs/constrs_1/new/basys_3.xdc:97]
Resolution: If [get_<value>] was used to populate the object, check to make sure this command returns at least one valid object.
WARNING: [Vivado 12-584] No ports matched 'CATHODES[7]'. [C:/Users/willi/OneDrive/Documents/GitHub/CPE133MazeGame/AMAZEingGame.srcs/constrs_1/new/basys_3.xdc:98]
CRITICAL WARNING: [Common 17-55] 'set_property' expects at least one object. [C:/Users/willi/OneDrive/Documents/GitHub/CPE133MazeGame/AMAZEingGame.srcs/constrs_1/new/basys_3.xdc:98]
Resolution: If [get_<value>] was used to populate the object, check to make sure this command returns at least one valid object.
WARNING: [Vivado 12-584] No ports matched 'ANODES[0]'. [C:/Users/willi/OneDrive/Documents/GitHub/CPE133MazeGame/AMAZEingGame.srcs/constrs_1/new/basys_3.xdc:100]
CRITICAL WARNING: [Common 17-55] 'set_property' expects at least one object. [C:/Users/willi/OneDrive/Documents/GitHub/CPE133MazeGame/AMAZEingGame.srcs/constrs_1/new/basys_3.xdc:100]
Resolution: If [get_<value>] was used to populate the object, check to make sure this command returns at least one valid object.
WARNING: [Vivado 12-584] No ports matched 'ANODES[0]'. [C:/Users/willi/OneDrive/Documents/GitHub/CPE133MazeGame/AMAZEingGame.srcs/constrs_1/new/basys_3.xdc:101]
CRITICAL WARNING: [Common 17-55] 'set_property' expects at least one object. [C:/Users/willi/OneDrive/Documents/GitHub/CPE133MazeGame/AMAZEingGame.srcs/constrs_1/new/basys_3.xdc:101]
Resolution: If [get_<value>] was used to populate the object, check to make sure this command returns at least one valid object.
WARNING: [Vivado 12-584] No ports matched 'ANODES[1]'. [C:/Users/willi/OneDrive/Documents/GitHub/CPE133MazeGame/AMAZEingGame.srcs/constrs_1/new/basys_3.xdc:102]
CRITICAL WARNING: [Common 17-55] 'set_property' expects at least one object. [C:/Users/willi/OneDrive/Documents/GitHub/CPE133MazeGame/AMAZEingGame.srcs/constrs_1/new/basys_3.xdc:102]
Resolution: If [get_<value>] was used to populate the object, check to make sure this command returns at least one valid object.
WARNING: [Vivado 12-584] No ports matched 'ANODES[1]'. [C:/Users/willi/OneDrive/Documents/GitHub/CPE133MazeGame/AMAZEingGame.srcs/constrs_1/new/basys_3.xdc:103]
CRITICAL WARNING: [Common 17-55] 'set_property' expects at least one object. [C:/Users/willi/OneDrive/Documents/GitHub/CPE133MazeGame/AMAZEingGame.srcs/constrs_1/new/basys_3.xdc:103]
Resolution: If [get_<value>] was used to populate the object, check to make sure this command returns at least one valid object.
WARNING: [Vivado 12-584] No ports matched 'ANODES[2]'. [C:/Users/willi/OneDrive/Documents/GitHub/CPE133MazeGame/AMAZEingGame.srcs/constrs_1/new/basys_3.xdc:104]
CRITICAL WARNING: [Common 17-55] 'set_property' expects at least one object. [C:/Users/willi/OneDrive/Documents/GitHub/CPE133MazeGame/AMAZEingGame.srcs/constrs_1/new/basys_3.xdc:104]
Resolution: If [get_<value>] was used to populate the object, check to make sure this command returns at least one valid object.
WARNING: [Vivado 12-584] No ports matched 'ANODES[2]'. [C:/Users/willi/OneDrive/Documents/GitHub/CPE133MazeGame/AMAZEingGame.srcs/constrs_1/new/basys_3.xdc:105]
CRITICAL WARNING: [Common 17-55] 'set_property' expects at least one object. [C:/Users/willi/OneDrive/Documents/GitHub/CPE133MazeGame/AMAZEingGame.srcs/constrs_1/new/basys_3.xdc:105]
Resolution: If [get_<value>] was used to populate the object, check to make sure this command returns at least one valid object.
WARNING: [Vivado 12-584] No ports matched 'ANODES[3]'. [C:/Users/willi/OneDrive/Documents/GitHub/CPE133MazeGame/AMAZEingGame.srcs/constrs_1/new/basys_3.xdc:106]
CRITICAL WARNING: [Common 17-55] 'set_property' expects at least one object. [C:/Users/willi/OneDrive/Documents/GitHub/CPE133MazeGame/AMAZEingGame.srcs/constrs_1/new/basys_3.xdc:106]
Resolution: If [get_<value>] was used to populate the object, check to make sure this command returns at least one valid object.
WARNING: [Vivado 12-584] No ports matched 'ANODES[3]'. [C:/Users/willi/OneDrive/Documents/GitHub/CPE133MazeGame/AMAZEingGame.srcs/constrs_1/new/basys_3.xdc:107]
CRITICAL WARNING: [Common 17-55] 'set_property' expects at least one object. [C:/Users/willi/OneDrive/Documents/GitHub/CPE133MazeGame/AMAZEingGame.srcs/constrs_1/new/basys_3.xdc:107]
Resolution: If [get_<value>] was used to populate the object, check to make sure this command returns at least one valid object.
WARNING: [Vivado 12-584] No ports matched 'BTNC'. [C:/Users/willi/OneDrive/Documents/GitHub/CPE133MazeGame/AMAZEingGame.srcs/constrs_1/new/basys_3.xdc:111]
CRITICAL WARNING: [Common 17-55] 'set_property' expects at least one object. [C:/Users/willi/OneDrive/Documents/GitHub/CPE133MazeGame/AMAZEingGame.srcs/constrs_1/new/basys_3.xdc:111]
Resolution: If [get_<value>] was used to populate the object, check to make sure this command returns at least one valid object.
WARNING: [Vivado 12-584] No ports matched 'BTNC'. [C:/Users/willi/OneDrive/Documents/GitHub/CPE133MazeGame/AMAZEingGame.srcs/constrs_1/new/basys_3.xdc:112]
CRITICAL WARNING: [Common 17-55] 'set_property' expects at least one object. [C:/Users/willi/OneDrive/Documents/GitHub/CPE133MazeGame/AMAZEingGame.srcs/constrs_1/new/basys_3.xdc:112]
Resolution: If [get_<value>] was used to populate the object, check to make sure this command returns at least one valid object.
WARNING: [Vivado 12-584] No ports matched 'BTNL'. [C:/Users/willi/OneDrive/Documents/GitHub/CPE133MazeGame/AMAZEingGame.srcs/constrs_1/new/basys_3.xdc:115]
CRITICAL WARNING: [Common 17-55] 'set_property' expects at least one object. [C:/Users/willi/OneDrive/Documents/GitHub/CPE133MazeGame/AMAZEingGame.srcs/constrs_1/new/basys_3.xdc:115]
Resolution: If [get_<value>] was used to populate the object, check to make sure this command returns at least one valid object.
WARNING: [Vivado 12-584] No ports matched 'BTNL'. [C:/Users/willi/OneDrive/Documents/GitHub/CPE133MazeGame/AMAZEingGame.srcs/constrs_1/new/basys_3.xdc:116]
CRITICAL WARNING: [Common 17-55] 'set_property' expects at least one object. [C:/Users/willi/OneDrive/Documents/GitHub/CPE133MazeGame/AMAZEingGame.srcs/constrs_1/new/basys_3.xdc:116]
Resolution: If [get_<value>] was used to populate the object, check to make sure this command returns at least one valid object.
WARNING: [Vivado 12-584] No ports matched 'VGA_RGB[5]'. [C:/Users/willi/OneDrive/Documents/GitHub/CPE133MazeGame/AMAZEingGame.srcs/constrs_1/new/basys_3.xdc:236]
CRITICAL WARNING: [Common 17-55] 'set_property' expects at least one object. [C:/Users/willi/OneDrive/Documents/GitHub/CPE133MazeGame/AMAZEingGame.srcs/constrs_1/new/basys_3.xdc:236]
Resolution: If [get_<value>] was used to populate the object, check to make sure this command returns at least one valid object.
WARNING: [Vivado 12-584] No ports matched 'VGA_RGB[5]'. [C:/Users/willi/OneDrive/Documents/GitHub/CPE133MazeGame/AMAZEingGame.srcs/constrs_1/new/basys_3.xdc:237]
CRITICAL WARNING: [Common 17-55] 'set_property' expects at least one object. [C:/Users/willi/OneDrive/Documents/GitHub/CPE133MazeGame/AMAZEingGame.srcs/constrs_1/new/basys_3.xdc:237]
Resolution: If [get_<value>] was used to populate the object, check to make sure this command returns at least one valid object.
WARNING: [Vivado 12-584] No ports matched 'VGA_RGB[5]'. [C:/Users/willi/OneDrive/Documents/GitHub/CPE133MazeGame/AMAZEingGame.srcs/constrs_1/new/basys_3.xdc:238]
CRITICAL WARNING: [Common 17-55] 'set_property' expects at least one object. [C:/Users/willi/OneDrive/Documents/GitHub/CPE133MazeGame/AMAZEingGame.srcs/constrs_1/new/basys_3.xdc:238]
Resolution: If [get_<value>] was used to populate the object, check to make sure this command returns at least one valid object.
WARNING: [Vivado 12-584] No ports matched 'VGA_RGB[5]'. [C:/Users/willi/OneDrive/Documents/GitHub/CPE133MazeGame/AMAZEingGame.srcs/constrs_1/new/basys_3.xdc:239]
CRITICAL WARNING: [Common 17-55] 'set_property' expects at least one object. [C:/Users/willi/OneDrive/Documents/GitHub/CPE133MazeGame/AMAZEingGame.srcs/constrs_1/new/basys_3.xdc:239]
Resolution: If [get_<value>] was used to populate the object, check to make sure this command returns at least one valid object.
WARNING: [Vivado 12-584] No ports matched 'VGA_RGB[6]'. [C:/Users/willi/OneDrive/Documents/GitHub/CPE133MazeGame/AMAZEingGame.srcs/constrs_1/new/basys_3.xdc:240]
INFO: [Common 17-14] Message 'Vivado 12-584' appears 100 times and further instances of the messages will be disabled. Use the Tcl command set_msg_config to change the current settings. [C:/Users/willi/OneDrive/Documents/GitHub/CPE133MazeGame/AMAZEingGame.srcs/constrs_1/new/basys_3.xdc:240]
CRITICAL WARNING: [Common 17-55] 'set_property' expects at least one object. [C:/Users/willi/OneDrive/Documents/GitHub/CPE133MazeGame/AMAZEingGame.srcs/constrs_1/new/basys_3.xdc:240]
Resolution: If [get_<value>] was used to populate the object, check to make sure this command returns at least one valid object.
CRITICAL WARNING: [Common 17-55] 'set_property' expects at least one object. [C:/Users/willi/OneDrive/Documents/GitHub/CPE133MazeGame/AMAZEingGame.srcs/constrs_1/new/basys_3.xdc:241]
Resolution: If [get_<value>] was used to populate the object, check to make sure this command returns at least one valid object.
INFO: [Common 17-14] Message 'Common 17-55' appears 100 times and further instances of the messages will be disabled. Use the Tcl command set_msg_config to change the current settings. [C:/Users/willi/OneDrive/Documents/GitHub/CPE133MazeGame/AMAZEingGame.srcs/constrs_1/new/basys_3.xdc:241]
Finished Parsing XDC File [C:/Users/willi/OneDrive/Documents/GitHub/CPE133MazeGame/AMAZEingGame.srcs/constrs_1/new/basys_3.xdc]
INFO: [Opt 31-138] Pushed 0 inverter(s) to 0 load pin(s).
INFO: [Project 1-111] Unisim Transformation Summary:
  A total of 488 instances were transformed.
  RAM128X1D => RAM128X1D (RAMD64E, RAMD64E, MUXF7, MUXF7, RAMD64E, RAMD64E): 472 instances
  RAM16X1D => RAM32X1D (RAMD32, RAMD32): 8 instances
  RAM64X1D => RAM64X1D (RAMD64E, RAMD64E): 8 instances

9 Infos, 100 Warnings, 101 Critical Warnings and 0 Errors encountered.
link_design completed successfully
link_design: Time (s): cpu = 00:00:08 ; elapsed = 00:00:09 . Memory (MB): peak = 565.133 ; gain = 316.914
Command: opt_design
Attempting to get a license for feature 'Implementation' and/or device 'xc7a35t'
INFO: [Common 17-349] Got license for feature 'Implementation' and/or device 'xc7a35t'
Running DRC as a precondition to command opt_design

Starting DRC Task
INFO: [DRC 23-27] Running DRC with 2 threads
INFO: [Project 1-461] DRC finished with 0 Errors
INFO: [Project 1-462] Please refer to the DRC report (report_drc) for more information.

Time (s): cpu = 00:00:01 ; elapsed = 00:00:00.676 . Memory (MB): peak = 574.762 ; gain = 9.629

Starting Cache Timing Information Task
INFO: [Timing 38-35] Done setting XDC timing constraints.
Ending Cache Timing Information Task | Checksum: 18952c703

Time (s): cpu = 00:00:11 ; elapsed = 00:00:13 . Memory (MB): peak = 1132.609 ; gain = 557.848

Starting Logic Optimization Task

Phase 1 Retarget
INFO: [Opt 31-138] Pushed 0 inverter(s) to 0 load pin(s).
INFO: [Opt 31-49] Retargeted 0 cell(s).
Phase 1 Retarget | Checksum: 18952c703

Time (s): cpu = 00:00:01 ; elapsed = 00:00:00.288 . Memory (MB): peak = 1132.609 ; gain = 0.000
INFO: [Opt 31-389] Phase Retarget created 0 cells and removed 0 cells

Phase 2 Constant propagation
INFO: [Opt 31-138] Pushed 0 inverter(s) to 0 load pin(s).
Phase 2 Constant propagation | Checksum: 18952c703

Time (s): cpu = 00:00:01 ; elapsed = 00:00:00.322 . Memory (MB): peak = 1132.609 ; gain = 0.000
INFO: [Opt 31-389] Phase Constant propagation created 0 cells and removed 0 cells

Phase 3 Sweep
Phase 3 Sweep | Checksum: 18952c703

Time (s): cpu = 00:00:01 ; elapsed = 00:00:00.360 . Memory (MB): peak = 1132.609 ; gain = 0.000
INFO: [Opt 31-389] Phase Sweep created 0 cells and removed 0 cells

Phase 4 BUFG optimization
Phase 4 BUFG optimization | Checksum: 18952c703

Time (s): cpu = 00:00:01 ; elapsed = 00:00:00.674 . Memory (MB): peak = 1132.609 ; gain = 0.000
INFO: [Opt 31-662] Phase BUFG optimization created 0 cells of which 0 are BUFGs and removed 0 cells.

Phase 5 Shift Register Optimization
Phase 5 Shift Register Optimization | Checksum: 18952c703

Time (s): cpu = 00:00:01 ; elapsed = 00:00:00.706 . Memory (MB): peak = 1132.609 ; gain = 0.000
INFO: [Opt 31-389] Phase Shift Register Optimization created 0 cells and removed 0 cells

Phase 6 Post Processing Netlist
Phase 6 Post Processing Netlist | Checksum: 18952c703

Time (s): cpu = 00:00:01 ; elapsed = 00:00:00.724 . Memory (MB): peak = 1132.609 ; gain = 0.000
INFO: [Opt 31-389] Phase Post Processing Netlist created 0 cells and removed 0 cells

Starting Connectivity Check Task

Time (s): cpu = 00:00:00 ; elapsed = 00:00:00.003 . Memory (MB): peak = 1132.609 ; gain = 0.000
Ending Logic Optimization Task | Checksum: 18952c703

Time (s): cpu = 00:00:01 ; elapsed = 00:00:00.736 . Memory (MB): peak = 1132.609 ; gain = 0.000

Starting Power Optimization Task
INFO: [Pwropt 34-132] Skipping clock gating for clocks with a period < 2.00 ns.
Ending Power Optimization Task | Checksum: 18952c703

Time (s): cpu = 00:00:00 ; elapsed = 00:00:00.017 . Memory (MB): peak = 1132.609 ; gain = 0.000

Starting Final Cleanup Task
Ending Final Cleanup Task | Checksum: 18952c703

Time (s): cpu = 00:00:00 ; elapsed = 00:00:00 . Memory (MB): peak = 1132.609 ; gain = 0.000
INFO: [Common 17-83] Releasing license: Implementation
25 Infos, 100 Warnings, 101 Critical Warnings and 0 Errors encountered.
opt_design completed successfully
opt_design: Time (s): cpu = 00:00:13 ; elapsed = 00:00:15 . Memory (MB): peak = 1132.609 ; gain = 567.477
INFO: [Timing 38-480] Writing timing data to binary archive.
INFO: [Common 17-1381] The checkpoint 'C:/Users/willi/OneDrive/Documents/GitHub/CPE133MazeGame/AMAZEingGame.runs/impl_1/vga_fb_driver_80x60_opt.dcp' has been generated.
INFO: [runtcl-4] Executing : report_drc -file vga_fb_driver_80x60_drc_opted.rpt -pb vga_fb_driver_80x60_drc_opted.pb -rpx vga_fb_driver_80x60_drc_opted.rpx
Command: report_drc -file vga_fb_driver_80x60_drc_opted.rpt -pb vga_fb_driver_80x60_drc_opted.pb -rpx vga_fb_driver_80x60_drc_opted.rpx
INFO: [IP_Flow 19-234] Refreshing IP repositories
INFO: [IP_Flow 19-1704] No user IP repositories specified
INFO: [IP_Flow 19-2313] Loaded Vivado IP repository 'D:/Xilinx/Vivado/2018.2/data/ip'.
INFO: [DRC 23-27] Running DRC with 2 threads
INFO: [Coretcl 2-168] The results of DRC are in file C:/Users/willi/OneDrive/Documents/GitHub/CPE133MazeGame/AMAZEingGame.runs/impl_1/vga_fb_driver_80x60_drc_opted.rpt.
report_drc completed successfully
report_drc: Time (s): cpu = 00:00:06 ; elapsed = 00:00:05 . Memory (MB): peak = 1132.609 ; gain = 0.000
Command: place_design
Attempting to get a license for feature 'Implementation' and/or device 'xc7a35t'
INFO: [Common 17-349] Got license for feature 'Implementation' and/or device 'xc7a35t'
INFO: [DRC 23-27] Running DRC with 2 threads
INFO: [Vivado_Tcl 4-198] DRC finished with 0 Errors
INFO: [Vivado_Tcl 4-199] Please refer to the DRC report (report_drc) for more information.
Running DRC as a precondition to command place_design
INFO: [DRC 23-27] Running DRC with 2 threads
INFO: [Vivado_Tcl 4-198] DRC finished with 0 Errors
INFO: [Vivado_Tcl 4-199] Please refer to the DRC report (report_drc) for more information.

Starting Placer Task
INFO: [Place 30-611] Multithreading enabled for place_design using a maximum of 2 CPUs

Phase 1 Placer Initialization

Phase 1.1 Placer Initialization Netlist Sorting
Netlist sorting complete. Time (s): cpu = 00:00:00 ; elapsed = 00:00:00.009 . Memory (MB): peak = 1132.609 ; gain = 0.000
Phase 1.1 Placer Initialization Netlist Sorting | Checksum: b44c8141

Time (s): cpu = 00:00:00 ; elapsed = 00:00:00.013 . Memory (MB): peak = 1132.609 ; gain = 0.000
Netlist sorting complete. Time (s): cpu = 00:00:00 ; elapsed = 00:00:00.007 . Memory (MB): peak = 1132.609 ; gain = 0.000

Phase 1.2 IO Placement/ Clock Placement/ Build Placer Device
INFO: [Timing 38-35] Done setting XDC timing constraints.
Phase 1.2 IO Placement/ Clock Placement/ Build Placer Device | Checksum: 10317f6b9

Time (s): cpu = 00:00:05 ; elapsed = 00:00:05 . Memory (MB): peak = 1132.609 ; gain = 0.000

Phase 1.3 Build Placer Netlist Model
Phase 1.3 Build Placer Netlist Model | Checksum: 1e3e3542e

Time (s): cpu = 00:00:06 ; elapsed = 00:00:05 . Memory (MB): peak = 1132.609 ; gain = 0.000

Phase 1.4 Constrain Clocks/Macros
Phase 1.4 Constrain Clocks/Macros | Checksum: 1e3e3542e

Time (s): cpu = 00:00:06 ; elapsed = 00:00:05 . Memory (MB): peak = 1132.609 ; gain = 0.000
Phase 1 Placer Initialization | Checksum: 1e3e3542e

Time (s): cpu = 00:00:06 ; elapsed = 00:00:05 . Memory (MB): peak = 1132.609 ; gain = 0.000

Phase 2 Global Placement

Phase 2.1 Floorplanning
Phase 2.1 Floorplanning | Checksum: 1e3e3542e

Time (s): cpu = 00:00:06 ; elapsed = 00:00:05 . Memory (MB): peak = 1132.609 ; gain = 0.000
WARNING: [Place 46-29] place_design is not in timing mode. Skip physical synthesis in placer
Phase 2 Global Placement | Checksum: 17ae41019

Time (s): cpu = 00:00:10 ; elapsed = 00:00:07 . Memory (MB): peak = 1132.609 ; gain = 0.000

Phase 3 Detail Placement

Phase 3.1 Commit Multi Column Macros
Phase 3.1 Commit Multi Column Macros | Checksum: 17ae41019

Time (s): cpu = 00:00:10 ; elapsed = 00:00:08 . Memory (MB): peak = 1132.609 ; gain = 0.000

Phase 3.2 Commit Most Macros & LUTRAMs
Phase 3.2 Commit Most Macros & LUTRAMs | Checksum: 29cb4909a

Time (s): cpu = 00:00:10 ; elapsed = 00:00:08 . Memory (MB): peak = 1132.609 ; gain = 0.000

Phase 3.3 Area Swap Optimization
Phase 3.3 Area Swap Optimization | Checksum: 1e8ea03a3

Time (s): cpu = 00:00:11 ; elapsed = 00:00:08 . Memory (MB): peak = 1132.609 ; gain = 0.000

Phase 3.4 Pipeline Register Optimization
Phase 3.4 Pipeline Register Optimization | Checksum: 1e8ea03a3

Time (s): cpu = 00:00:11 ; elapsed = 00:00:08 . Memory (MB): peak = 1132.609 ; gain = 0.000

Phase 3.5 Small Shape Detail Placement
Phase 3.5 Small Shape Detail Placement | Checksum: 287555c79

Time (s): cpu = 00:00:11 ; elapsed = 00:00:09 . Memory (MB): peak = 1132.758 ; gain = 0.148

Phase 3.6 Re-assign LUT pins
Phase 3.6 Re-assign LUT pins | Checksum: 287555c79

Time (s): cpu = 00:00:11 ; elapsed = 00:00:09 . Memory (MB): peak = 1132.758 ; gain = 0.148

Phase 3.7 Pipeline Register Optimization
Phase 3.7 Pipeline Register Optimization | Checksum: 287555c79

Time (s): cpu = 00:00:11 ; elapsed = 00:00:09 . Memory (MB): peak = 1132.758 ; gain = 0.148
Phase 3 Detail Placement | Checksum: 287555c79

Time (s): cpu = 00:00:11 ; elapsed = 00:00:09 . Memory (MB): peak = 1132.758 ; gain = 0.148

Phase 4 Post Placement Optimization and Clean-Up

Phase 4.1 Post Commit Optimization
Phase 4.1 Post Commit Optimization | Checksum: 287555c79

Time (s): cpu = 00:00:11 ; elapsed = 00:00:09 . Memory (MB): peak = 1132.758 ; gain = 0.148

Phase 4.2 Post Placement Cleanup
Phase 4.2 Post Placement Cleanup | Checksum: 287555c79

Time (s): cpu = 00:00:11 ; elapsed = 00:00:09 . Memory (MB): peak = 1132.758 ; gain = 0.148

Phase 4.3 Placer Reporting
Phase 4.3 Placer Reporting | Checksum: 287555c79

Time (s): cpu = 00:00:11 ; elapsed = 00:00:09 . Memory (MB): peak = 1132.758 ; gain = 0.148

Phase 4.4 Final Placement Cleanup
Phase 4.4 Final Placement Cleanup | Checksum: 26456bad0

Time (s): cpu = 00:00:11 ; elapsed = 00:00:09 . Memory (MB): peak = 1132.758 ; gain = 0.148
Phase 4 Post Placement Optimization and Clean-Up | Checksum: 26456bad0

Time (s): cpu = 00:00:11 ; elapsed = 00:00:09 . Memory (MB): peak = 1132.758 ; gain = 0.148
Ending Placer Task | Checksum: 17581a3b5

Time (s): cpu = 00:00:11 ; elapsed = 00:00:09 . Memory (MB): peak = 1132.758 ; gain = 0.148
INFO: [Common 17-83] Releasing license: Implementation
43 Infos, 101 Warnings, 101 Critical Warnings and 0 Errors encountered.
place_design completed successfully
place_design: Time (s): cpu = 00:00:14 ; elapsed = 00:00:12 . Memory (MB): peak = 1132.758 ; gain = 0.148
INFO: [Timing 38-480] Writing timing data to binary archive.
Writing placer database...
Writing XDEF routing.
Writing XDEF routing logical nets.
Writing XDEF routing special nets.
Write XDEF Complete: Time (s): cpu = 00:00:01 ; elapsed = 00:00:00.349 . Memory (MB): peak = 1146.430 ; gain = 13.672
INFO: [Common 17-1381] The checkpoint 'C:/Users/willi/OneDrive/Documents/GitHub/CPE133MazeGame/AMAZEingGame.runs/impl_1/vga_fb_driver_80x60_placed.dcp' has been generated.
INFO: [runtcl-4] Executing : report_io -file vga_fb_driver_80x60_io_placed.rpt
report_io: Time (s): cpu = 00:00:00 ; elapsed = 00:00:00.058 . Memory (MB): peak = 1146.430 ; gain = 0.000
INFO: [runtcl-4] Executing : report_utilization -file vga_fb_driver_80x60_utilization_placed.rpt -pb vga_fb_driver_80x60_utilization_placed.pb
report_utilization: Time (s): cpu = 00:00:00 ; elapsed = 00:00:00.105 . Memory (MB): peak = 1146.430 ; gain = 0.000
INFO: [runtcl-4] Executing : report_control_sets -verbose -file vga_fb_driver_80x60_control_sets_placed.rpt
report_control_sets: Time (s): cpu = 00:00:00 ; elapsed = 00:00:00.066 . Memory (MB): peak = 1146.430 ; gain = 0.000
Command: route_design
Attempting to get a license for feature 'Implementation' and/or device 'xc7a35t'
INFO: [Common 17-349] Got license for feature 'Implementation' and/or device 'xc7a35t'
Running DRC as a precondition to command route_design
INFO: [DRC 23-27] Running DRC with 2 threads
INFO: [Vivado_Tcl 4-198] DRC finished with 0 Errors
INFO: [Vivado_Tcl 4-199] Please refer to the DRC report (report_drc) for more information.


Starting Routing Task
INFO: [Route 35-254] Multithreading enabled for route_design using a maximum of 2 CPUs
Checksum: PlaceDB: ba14fc99 ConstDB: 0 ShapeSum: bb6ca71c RouteDB: 0

Phase 1 Build RT Design
Phase 1 Build RT Design | Checksum: 137472c2b

Time (s): cpu = 00:00:23 ; elapsed = 00:00:21 . Memory (MB): peak = 1268.008 ; gain = 121.215
Post Restoration Checksum: NetGraph: f5c172bc NumContArr: 4185b96f Constraints: 0 Timing: 0

Phase 2 Router Initialization
INFO: [Route 35-64] No timing constraints were detected. The router will operate in resource-optimization mode.

Phase 2.1 Fix Topology Constraints
Phase 2.1 Fix Topology Constraints | Checksum: 137472c2b

Time (s): cpu = 00:00:24 ; elapsed = 00:00:21 . Memory (MB): peak = 1273.992 ; gain = 127.199

Phase 2.2 Pre Route Cleanup
Phase 2.2 Pre Route Cleanup | Checksum: 137472c2b

Time (s): cpu = 00:00:24 ; elapsed = 00:00:21 . Memory (MB): peak = 1273.992 ; gain = 127.199
 Number of Nodes with overlaps = 0
Phase 2 Router Initialization | Checksum: bd57e07e

Time (s): cpu = 00:00:24 ; elapsed = 00:00:21 . Memory (MB): peak = 1283.586 ; gain = 136.793

Phase 3 Initial Routing
Phase 3 Initial Routing | Checksum: 839d9b8e

Time (s): cpu = 00:00:29 ; elapsed = 00:00:24 . Memory (MB): peak = 1297.934 ; gain = 151.141

Phase 4 Rip-up And Reroute

Phase 4.1 Global Iteration 0
 Number of Nodes with overlaps = 111
 Number of Nodes with overlaps = 1
 Number of Nodes with overlaps = 0
Phase 4.1 Global Iteration 0 | Checksum: 122cc2e14

Time (s): cpu = 00:00:30 ; elapsed = 00:00:25 . Memory (MB): peak = 1297.934 ; gain = 151.141
Phase 4 Rip-up And Reroute | Checksum: 122cc2e14

Time (s): cpu = 00:00:30 ; elapsed = 00:00:25 . Memory (MB): peak = 1297.934 ; gain = 151.141

Phase 5 Delay and Skew Optimization
Phase 5 Delay and Skew Optimization | Checksum: 122cc2e14

Time (s): cpu = 00:00:30 ; elapsed = 00:00:25 . Memory (MB): peak = 1297.934 ; gain = 151.141

Phase 6 Post Hold Fix

Phase 6.1 Hold Fix Iter
Phase 6.1 Hold Fix Iter | Checksum: 122cc2e14

Time (s): cpu = 00:00:30 ; elapsed = 00:00:25 . Memory (MB): peak = 1297.934 ; gain = 151.141
Phase 6 Post Hold Fix | Checksum: 122cc2e14

Time (s): cpu = 00:00:30 ; elapsed = 00:00:25 . Memory (MB): peak = 1297.934 ; gain = 151.141

Phase 7 Route finalize

Router Utilization Summary
  Global Vertical Routing Utilization    = 1.70238 %
  Global Horizontal Routing Utilization  = 1.34292 %
  Routable Net Status*
  *Does not include unroutable nets such as driverless and loadless.
  Run report_route_status for detailed report.
  Number of Failed Nets               = 0
  Number of Unrouted Nets             = 0
  Number of Partially Routed Nets     = 0
  Number of Node Overlaps             = 0

Congestion Report
North Dir 1x1 Area, Max Cong = 48.6486%, No Congested Regions.
South Dir 1x1 Area, Max Cong = 40.5405%, No Congested Regions.
East Dir 1x1 Area, Max Cong = 38.2353%, No Congested Regions.
West Dir 1x1 Area, Max Cong = 32.3529%, No Congested Regions.

------------------------------
Reporting congestion hotspots
------------------------------
Direction: North
----------------
Congested clusters found at Level 0
Effective congestion level: 0 Aspect Ratio: 1 Sparse Ratio: 0
Direction: South
----------------
Congested clusters found at Level 0
Effective congestion level: 0 Aspect Ratio: 1 Sparse Ratio: 0
Direction: East
----------------
Congested clusters found at Level 0
Effective congestion level: 0 Aspect Ratio: 1 Sparse Ratio: 0
Direction: West
----------------
Congested clusters found at Level 0
Effective congestion level: 0 Aspect Ratio: 1 Sparse Ratio: 0

Phase 7 Route finalize | Checksum: 122cc2e14

Time (s): cpu = 00:00:31 ; elapsed = 00:00:25 . Memory (MB): peak = 1297.934 ; gain = 151.141

Phase 8 Verifying routed nets

 Verification completed successfully
Phase 8 Verifying routed nets | Checksum: 122cc2e14

Time (s): cpu = 00:00:31 ; elapsed = 00:00:25 . Memory (MB): peak = 1297.934 ; gain = 151.141

Phase 9 Depositing Routes
Phase 9 Depositing Routes | Checksum: 7dfb51a2

Time (s): cpu = 00:00:31 ; elapsed = 00:00:25 . Memory (MB): peak = 1297.934 ; gain = 151.141
INFO: [Route 35-16] Router Completed Successfully

Time (s): cpu = 00:00:31 ; elapsed = 00:00:25 . Memory (MB): peak = 1297.934 ; gain = 151.141

Routing Is Done.
INFO: [Common 17-83] Releasing license: Implementation
56 Infos, 101 Warnings, 101 Critical Warnings and 0 Errors encountered.
route_design completed successfully
route_design: Time (s): cpu = 00:00:35 ; elapsed = 00:00:29 . Memory (MB): peak = 1297.934 ; gain = 151.504
INFO: [Timing 38-480] Writing timing data to binary archive.
Writing placer database...
Writing XDEF routing.
Writing XDEF routing logical nets.
Writing XDEF routing special nets.
Write XDEF Complete: Time (s): cpu = 00:00:01 ; elapsed = 00:00:00.424 . Memory (MB): peak = 1297.934 ; gain = 0.000
INFO: [Common 17-1381] The checkpoint 'C:/Users/willi/OneDrive/Documents/GitHub/CPE133MazeGame/AMAZEingGame.runs/impl_1/vga_fb_driver_80x60_routed.dcp' has been generated.
INFO: [runtcl-4] Executing : report_drc -file vga_fb_driver_80x60_drc_routed.rpt -pb vga_fb_driver_80x60_drc_routed.pb -rpx vga_fb_driver_80x60_drc_routed.rpx
Command: report_drc -file vga_fb_driver_80x60_drc_routed.rpt -pb vga_fb_driver_80x60_drc_routed.pb -rpx vga_fb_driver_80x60_drc_routed.rpx
INFO: [DRC 23-27] Running DRC with 2 threads
INFO: [Coretcl 2-168] The results of DRC are in file C:/Users/willi/OneDrive/Documents/GitHub/CPE133MazeGame/AMAZEingGame.runs/impl_1/vga_fb_driver_80x60_drc_routed.rpt.
report_drc completed successfully
INFO: [runtcl-4] Executing : report_methodology -file vga_fb_driver_80x60_methodology_drc_routed.rpt -pb vga_fb_driver_80x60_methodology_drc_routed.pb -rpx vga_fb_driver_80x60_methodology_drc_routed.rpx
Command: report_methodology -file vga_fb_driver_80x60_methodology_drc_routed.rpt -pb vga_fb_driver_80x60_methodology_drc_routed.pb -rpx vga_fb_driver_80x60_methodology_drc_routed.rpx
INFO: [Timing 38-35] Done setting XDC timing constraints.
INFO: [Timing 38-35] Done setting XDC timing constraints.
INFO: [DRC 23-133] Running Methodology with 2 threads
INFO: [Coretcl 2-1520] The results of Report Methodology are in file C:/Users/willi/OneDrive/Documents/GitHub/CPE133MazeGame/AMAZEingGame.runs/impl_1/vga_fb_driver_80x60_methodology_drc_routed.rpt.
report_methodology completed successfully
INFO: [runtcl-4] Executing : report_power -file vga_fb_driver_80x60_power_routed.rpt -pb vga_fb_driver_80x60_power_summary_routed.pb -rpx vga_fb_driver_80x60_power_routed.rpx
Command: report_power -file vga_fb_driver_80x60_power_routed.rpt -pb vga_fb_driver_80x60_power_summary_routed.pb -rpx vga_fb_driver_80x60_power_routed.rpx
WARNING: [Power 33-232] No user defined clocks were found in the design!
Resolution: Please specify clocks using create_clock/create_generated_clock for sequential elements. For pure combinatorial circuits, please specify a virtual clock, otherwise the vectorless estimation might be inaccurate
INFO: [Timing 38-35] Done setting XDC timing constraints.
Running Vector-less Activity Propagation...

Finished Running Vector-less Activity Propagation
68 Infos, 102 Warnings, 101 Critical Warnings and 0 Errors encountered.
report_power completed successfully
INFO: [runtcl-4] Executing : report_route_status -file vga_fb_driver_80x60_route_status.rpt -pb vga_fb_driver_80x60_route_status.pb
INFO: [runtcl-4] Executing : report_timing_summary -max_paths 10 -file vga_fb_driver_80x60_timing_summary_routed.rpt -pb vga_fb_driver_80x60_timing_summary_routed.pb -rpx vga_fb_driver_80x60_timing_summary_routed.rpx -warn_on_violation 
INFO: [Timing 38-91] UpdateTimingParams: Speed grade: -1, Delay Type: min_max, Timing Stage: Requireds.
INFO: [Timing 38-191] Multithreading enabled for timing update using a maximum of 2 CPUs
WARNING: [Timing 38-313] There are no user specified timing constraints. Timing constraints are needed for proper timing analysis.
INFO: [runtcl-4] Executing : report_incremental_reuse -file vga_fb_driver_80x60_incremental_reuse_routed.rpt
INFO: [Vivado_Tcl 4-545] No incremental reuse to report, no incremental placement and routing data was found.
INFO: [runtcl-4] Executing : report_clock_utilization -file vga_fb_driver_80x60_clock_utilization_routed.rpt
INFO: [runtcl-4] Executing : report_bus_skew -warn_on_violation -file vga_fb_driver_80x60_bus_skew_routed.rpt -pb vga_fb_driver_80x60_bus_skew_routed.pb -rpx vga_fb_driver_80x60_bus_skew_routed.rpx
INFO: [Timing 38-91] UpdateTimingParams: Speed grade: -1, Delay Type: min_max, Timing Stage: Requireds.
INFO: [Timing 38-191] Multithreading enabled for timing update using a maximum of 2 CPUs
Command: write_bitstream -force vga_fb_driver_80x60.bit
Attempting to get a license for feature 'Implementation' and/or device 'xc7a35t'
INFO: [Common 17-349] Got license for feature 'Implementation' and/or device 'xc7a35t'
Running DRC as a precondition to command write_bitstream
INFO: [DRC 23-27] Running DRC with 2 threads
ERROR: [DRC NSTD-1] Unspecified I/O Standard: 41 out of 41 logical ports use I/O standard (IOSTANDARD) value 'DEFAULT', instead of a user assigned specific value. This may cause I/O contention or incompatibility with the board power or connectivity affecting performance, signal integrity or in extreme cases cause damage to the device or the components to which it is connected. To correct this violation, specify all I/O standards. This design will fail to generate a bitstream unless all logical ports have a user specified I/O standard value defined. To allow bitstream creation with unspecified I/O standard values (not recommended), use this command: set_property SEVERITY {Warning} [get_drc_checks NSTD-1].  NOTE: When using the Vivado Runs infrastructure (e.g. launch_runs Tcl command), add this command to a .tcl file and add that file as a pre-hook for write_bitstream step for the implementation run. Problem ports: BOUT[1:0], GOUT[2:0], RD[7:0], ROUT[2:0], WA[12:0], WD[7:0], CLK_50MHz, HS, VS, and WE.
ERROR: [DRC UCIO-1] Unconstrained Logical Port: 41 out of 41 logical ports have no user assigned specific location constraint (LOC). This may cause I/O contention or incompatibility with the board power or connectivity affecting performance, signal integrity or in extreme cases cause damage to the device or the components to which it is connected. To correct this violation, specify all pin locations. This design will fail to generate a bitstream unless all logical ports have a user specified site LOC constraint defined.  To allow bitstream creation with unspecified pin locations (not recommended), use this command: set_property SEVERITY {Warning} [get_drc_checks UCIO-1].  NOTE: When using the Vivado Runs infrastructure (e.g. launch_runs Tcl command), add this command to a .tcl file and add that file as a pre-hook for write_bitstream step for the implementation run.  Problem ports: BOUT[1:0], GOUT[2:0], RD[7:0], ROUT[2:0], WA[12:0], WD[7:0], CLK_50MHz, HS, VS, and WE.
WARNING: [DRC CFGBVS-1] Missing CFGBVS and CONFIG_VOLTAGE Design Properties: Neither the CFGBVS nor CONFIG_VOLTAGE voltage property is set in the current_design.  Configuration bank voltage select (CFGBVS) must be set to VCCO or GND, and CONFIG_VOLTAGE must be set to the correct configuration voltage, in order to determine the I/O voltage support for the pins in bank 0.  It is suggested to specify these either using the 'Edit Device Properties' function in the GUI or directly in the XDC file using the following syntax:

 set_property CFGBVS value1 [current_design]
 #where value1 is either VCCO or GND

 set_property CONFIG_VOLTAGE value2 [current_design]
 #where value2 is the voltage provided to configuration bank 0

Refer to the device configuration user guide for more information.
INFO: [Vivado 12-3199] DRC finished with 2 Errors, 1 Warnings
INFO: [Vivado 12-3200] Please refer to the DRC report (report_drc) for more information.
ERROR: [Vivado 12-1345] Error(s) found during DRC. Bitgen not run.
INFO: [Common 17-83] Releasing license: Implementation
83 Infos, 104 Warnings, 101 Critical Warnings and 3 Errors encountered.
write_bitstream failed
ERROR: [Common 17-39] 'write_bitstream' failed due to earlier errors.

INFO: [Common 17-206] Exiting Vivado at Mon Dec  2 17:43:36 2019...

*** Running vivado
    with args -log vga_fb_driver_80x60.vdi -applog -m64 -product Vivado -messageDb vivado.pb -mode batch -source vga_fb_driver_80x60.tcl -notrace


****** Vivado v2018.2 (64-bit)
  **** SW Build 2258646 on Thu Jun 14 20:03:12 MDT 2018
  **** IP Build 2256618 on Thu Jun 14 22:10:49 MDT 2018
    ** Copyright 1986-2018 Xilinx, Inc. All Rights Reserved.

source vga_fb_driver_80x60.tcl -notrace
Command: open_checkpoint vga_fb_driver_80x60_routed.dcp

Starting open_checkpoint Task

Time (s): cpu = 00:00:00 ; elapsed = 00:00:00.036 . Memory (MB): peak = 231.004 ; gain = 0.000
INFO: [Netlist 29-17] Analyzing 655 Unisim elements for replacement
INFO: [Netlist 29-28] Unisim Transformation completed in 0 CPU seconds
INFO: [Project 1-479] Netlist was created with Vivado 2018.2
INFO: [Device 21-403] Loading part xc7a35tcpg236-1
INFO: [Project 1-570] Preparing netlist for logic optimization
INFO: [Timing 38-478] Restoring timing data from binary archive.
INFO: [Timing 38-479] Binary timing data restore complete.
INFO: [Project 1-856] Restoring constraints from binary archive.
INFO: [Project 1-853] Binary constraint restore complete.
Reading XDEF placement.
Reading placer database...
Reading XDEF routing.
Read XDEF File: Time (s): cpu = 00:00:00 ; elapsed = 00:00:00.472 . Memory (MB): peak = 1091.332 ; gain = 0.000
Restored from archive | CPU: 0.000000 secs | Memory: 0.000000 MB |
Finished XDEF File Restore: Time (s): cpu = 00:00:00 ; elapsed = 00:00:00.474 . Memory (MB): peak = 1091.332 ; gain = 0.000
INFO: [Project 1-111] Unisim Transformation Summary:
  A total of 488 instances were transformed.
  RAM128X1D => RAM128X1D (RAMD64E, RAMD64E, MUXF7, MUXF7, RAMD64E, RAMD64E): 472 instances
  RAM16X1D => RAM32X1D (RAMD32, RAMD32): 8 instances
  RAM64X1D => RAM64X1D (RAMD64E, RAMD64E): 8 instances

INFO: [Project 1-604] Checkpoint was created with Vivado v2018.2 (64-bit) build 2258646
open_checkpoint: Time (s): cpu = 00:00:19 ; elapsed = 00:00:23 . Memory (MB): peak = 1091.332 ; gain = 869.621
Command: write_bitstream -force vga_fb_driver_80x60.bit
Attempting to get a license for feature 'Implementation' and/or device 'xc7a35t'
INFO: [Common 17-349] Got license for feature 'Implementation' and/or device 'xc7a35t'
Running DRC as a precondition to command write_bitstream
INFO: [IP_Flow 19-234] Refreshing IP repositories
INFO: [IP_Flow 19-1704] No user IP repositories specified
INFO: [IP_Flow 19-2313] Loaded Vivado IP repository 'D:/Xilinx/Vivado/2018.2/data/ip'.
INFO: [DRC 23-27] Running DRC with 2 threads
ERROR: [DRC NSTD-1] Unspecified I/O Standard: 41 out of 41 logical ports use I/O standard (IOSTANDARD) value 'DEFAULT', instead of a user assigned specific value. This may cause I/O contention or incompatibility with the board power or connectivity affecting performance, signal integrity or in extreme cases cause damage to the device or the components to which it is connected. To correct this violation, specify all I/O standards. This design will fail to generate a bitstream unless all logical ports have a user specified I/O standard value defined. To allow bitstream creation with unspecified I/O standard values (not recommended), use this command: set_property SEVERITY {Warning} [get_drc_checks NSTD-1].  NOTE: When using the Vivado Runs infrastructure (e.g. launch_runs Tcl command), add this command to a .tcl file and add that file as a pre-hook for write_bitstream step for the implementation run. Problem ports: BOUT[1:0], GOUT[2:0], RD[7:0], ROUT[2:0], WA[12:0], WD[7:0], CLK_50MHz, HS, VS, and WE.
ERROR: [DRC UCIO-1] Unconstrained Logical Port: 41 out of 41 logical ports have no user assigned specific location constraint (LOC). This may cause I/O contention or incompatibility with the board power or connectivity affecting performance, signal integrity or in extreme cases cause damage to the device or the components to which it is connected. To correct this violation, specify all pin locations. This design will fail to generate a bitstream unless all logical ports have a user specified site LOC constraint defined.  To allow bitstream creation with unspecified pin locations (not recommended), use this command: set_property SEVERITY {Warning} [get_drc_checks UCIO-1].  NOTE: When using the Vivado Runs infrastructure (e.g. launch_runs Tcl command), add this command to a .tcl file and add that file as a pre-hook for write_bitstream step for the implementation run.  Problem ports: BOUT[1:0], GOUT[2:0], RD[7:0], ROUT[2:0], WA[12:0], WD[7:0], CLK_50MHz, HS, VS, and WE.
WARNING: [DRC CFGBVS-1] Missing CFGBVS and CONFIG_VOLTAGE Design Properties: Neither the CFGBVS nor CONFIG_VOLTAGE voltage property is set in the current_design.  Configuration bank voltage select (CFGBVS) must be set to VCCO or GND, and CONFIG_VOLTAGE must be set to the correct configuration voltage, in order to determine the I/O voltage support for the pins in bank 0.  It is suggested to specify these either using the 'Edit Device Properties' function in the GUI or directly in the XDC file using the following syntax:

 set_property CFGBVS value1 [current_design]
 #where value1 is either VCCO or GND

 set_property CONFIG_VOLTAGE value2 [current_design]
 #where value2 is the voltage provided to configuration bank 0

Refer to the device configuration user guide for more information.
INFO: [Vivado 12-3199] DRC finished with 2 Errors, 1 Warnings
INFO: [Vivado 12-3200] Please refer to the DRC report (report_drc) for more information.
ERROR: [Vivado 12-1345] Error(s) found during DRC. Bitgen not run.
INFO: [Common 17-83] Releasing license: Implementation
19 Infos, 1 Warnings, 0 Critical Warnings and 3 Errors encountered.
write_bitstream failed
write_bitstream: Time (s): cpu = 00:00:07 ; elapsed = 00:00:05 . Memory (MB): peak = 1185.930 ; gain = 94.598
ERROR: [Common 17-39] 'write_bitstream' failed due to earlier errors.

INFO: [Common 17-206] Exiting Vivado at Mon Dec  2 17:55:36 2019...
